<?xml version="1.0" encoding="UTF-8"?>
<!-- Generated by org.testng.reporters.JUnitXMLReporter -->
<testsuite ignored="0" hostname="Thokala" failures="0" tests="57" name="Default test" time="12.66" errors="0" timestamp="2026-04-10T12:47:43 IST">
  <testcase classname="com.potentia.automation.tests.AddAssignmentActTest" name="@BeforeClass pageSetup" time="12.367">
    <failure type="org.openqa.selenium.TimeoutException" message="Expected condition failed: waiting for visibility of element located by By.id: username (tried for 12 second(s) with 500 milliseconds interval)">
      <![CDATA[org.openqa.selenium.TimeoutException: Expected condition failed: waiting for visibility of element located by By.id: username (tried for 12 second(s) with 500 milliseconds interval)
at org.openqa.selenium.support.ui.WebDriverWait.timeoutException(WebDriverWait.java:84)
at org.openqa.selenium.support.ui.FluentWait.until(FluentWait.java:228)
at com.potentia.automation.pages.LoginPage.enterEmail(LoginPage.java:52)
at com.potentia.automation.pages.LoginPage.login(LoginPage.java:68)
at com.potentia.automation.tests.AddAssignmentActTest.pageSetup(AddAssignmentActTest.java:33)
at java.base/jdk.internal.reflect.DirectMethodHandleAccessor.invoke(DirectMethodHandleAccessor.java:103)
at java.base/java.lang.reflect.Method.invoke(Method.java:580)
at org.testng.internal.invokers.MethodInvocationHelper.invokeMethod(MethodInvocationHelper.java:141)
at org.testng.internal.invokers.MethodInvocationHelper.invokeMethodConsideringTimeout(MethodInvocationHelper.java:71)
at org.testng.internal.invokers.ConfigInvoker.invokeConfigurationMethod(ConfigInvoker.java:400)
at org.testng.internal.invokers.ConfigInvoker.invokeConfigurations(ConfigInvoker.java:333)
at org.testng.internal.invokers.TestMethodWorker.invokeBeforeClassMethods(TestMethodWorker.java:188)
at org.testng.internal.invokers.TestMethodWorker.run(TestMethodWorker.java:128)
at java.base/java.util.ArrayList.forEach(ArrayList.java:1596)
at org.testng.TestRunner.privateRun(TestRunner.java:739)
at org.testng.TestRunner.run(TestRunner.java:614)
at org.testng.SuiteRunner.runTest(SuiteRunner.java:421)
at org.testng.SuiteRunner.runSequentially(SuiteRunner.java:413)
at org.testng.SuiteRunner.privateRun(SuiteRunner.java:373)
at org.testng.SuiteRunner.run(SuiteRunner.java:312)
at org.testng.SuiteRunnerWorker.runSuite(SuiteRunnerWorker.java:52)
at org.testng.SuiteRunnerWorker.run(SuiteRunnerWorker.java:95)
at org.testng.TestNG.runSuitesSequentially(TestNG.java:1274)
at org.testng.TestNG.runSuitesLocally(TestNG.java:1208)
at org.testng.TestNG.runSuites(TestNG.java:1112)
at org.testng.TestNG.run(TestNG.java:1079)
at org.testng.remote.AbstractRemoteTestNG.run(AbstractRemoteTestNG.java:115)
at org.testng.remote.RemoteTestNG.initAndRun(RemoteTestNG.java:293)
at org.testng.remote.RemoteTestNG.main(RemoteTestNG.java:91)
Caused by: org.openqa.selenium.NoSuchWindowException: no such window: target window already closed
from unknown error: web view not found
  (Session info: chrome=146.0.7680.180)
Build info: version: '4.22.0', revision: 'c5f3146703*'
System info: os.name: 'Windows 11', os.arch: 'amd64', os.version: '10.0', java.version: '21.0.10'
Driver info: org.openqa.selenium.chrome.ChromeDriver
Command: [a37facb1878d624b23bed929b03706d5, findElement {value=username, using=id}]
Capabilities {acceptInsecureCerts: false, browserName: chrome, browserVersion: 146.0.7680.180, chrome: {chromedriverVersion: 146.0.7680.165 (4b989da09e1..., userDataDir: C:\Users\manit\AppData\Loca...}, fedcm:accounts: true, goog:chromeOptions: {debuggerAddress: localhost:64729}, goog:processID: 9368, networkConnectionEnabled: false, pageLoadStrategy: eager, platformName: windows, proxy: Proxy(), se:cdp: ws://localhost:64729/devtoo..., se:cdpVersion: 146.0.7680.180, setWindowRect: true, strictFileInteractability: false, timeouts: {implicit: 0, pageLoad: 300000, script: 30000}, unhandledPromptBehavior: dismiss and notify, webauthn:extension:credBlob: true, webauthn:extension:largeBlob: true, webauthn:extension:minPinLength: true, webauthn:extension:prf: true, webauthn:virtualAuthenticators: true}
Session ID: a37facb1878d624b23bed929b03706d5
at java.base/jdk.internal.reflect.DirectConstructorHandleAccessor.newInstance(DirectConstructorHandleAccessor.java:62)
at java.base/java.lang.reflect.Constructor.newInstanceWithCaller(Constructor.java:502)
at java.base/java.lang.reflect.Constructor.newInstance(Constructor.java:486)
at org.openqa.selenium.remote.ErrorCodec.decode(ErrorCodec.java:167)
at org.openqa.selenium.remote.codec.w3c.W3CHttpResponseCodec.decode(W3CHttpResponseCodec.java:138)
at org.openqa.selenium.remote.codec.w3c.W3CHttpResponseCodec.decode(W3CHttpResponseCodec.java:50)
at org.openqa.selenium.remote.HttpCommandExecutor.execute(HttpCommandExecutor.java:190)
at org.openqa.selenium.remote.service.DriverCommandExecutor.invokeExecute(DriverCommandExecutor.java:216)
at org.openqa.selenium.remote.service.DriverCommandExecutor.execute(DriverCommandExecutor.java:174)
at org.openqa.selenium.remote.RemoteWebDriver.execute(RemoteWebDriver.java:518)
at org.openqa.selenium.remote.ElementLocation$ElementFinder$2.findElement(ElementLocation.java:165)
at org.openqa.selenium.remote.ElementLocation.findElement(ElementLocation.java:66)
at org.openqa.selenium.remote.RemoteWebDriver.findElement(RemoteWebDriver.java:355)
at org.openqa.selenium.remote.RemoteWebDriver.findElement(RemoteWebDriver.java:349)
at org.openqa.selenium.support.ui.ExpectedConditions$7.apply(ExpectedConditions.java:194)
at org.openqa.selenium.support.ui.ExpectedConditions$7.apply(ExpectedConditions.java:190)
at org.openqa.selenium.support.ui.FluentWait.until(FluentWait.java:203)
... 27 more
]]>
    </failure>
  </testcase> <!-- @BeforeClass pageSetup -->
  <testcase classname="com.potentia.automation.tests.AddAssignmentActTest" name="TC_SC_1_clickSuperClientByName" time="0.0">
    <skipped/>
  </testcase> <!-- TC_SC_1_clickSuperClientByName -->
  <testcase classname="com.potentia.automation.tests.AddAssignmentActTest" name="TC_MB_clickBatchByNameAcrossTabs" time="0.0">
    <skipped/>
  </testcase> <!-- TC_MB_clickBatchByNameAcrossTabs -->
  <testcase classname="com.potentia.automation.tests.AddAssignmentActTest" name="TC_034_verifyActivitiesPage" time="0.0">
    <skipped/>
  </testcase> <!-- TC_034_verifyActivitiesPage -->
  <testcase classname="com.potentia.automation.tests.AddAssignmentActTest" name="TC_05_verifyTabActive" time="0.0">
    <skipped/>
  </testcase> <!-- TC_05_verifyTabActive -->
  <testcase classname="com.potentia.automation.tests.AddAssignmentActTest" name="TC_06_verifyOnlyActivitiesActive" time="0.0">
    <skipped/>
  </testcase> <!-- TC_06_verifyOnlyActivitiesActive -->
  <testcase classname="com.potentia.automation.tests.AddAssignmentActTest" name="TC_07_verifyBreadcrumb" time="0.0">
    <skipped/>
  </testcase> <!-- TC_07_verifyBreadcrumb -->
  <testcase classname="com.potentia.automation.tests.AddAssignmentActTest" name="TC_08_verifyButtonsVisible" time="0.0">
    <skipped/>
  </testcase> <!-- TC_08_verifyButtonsVisible -->
  <testcase classname="com.potentia.automation.tests.AddAssignmentActTest" name="TC_09_verifyAddActivityEnabled" time="0.0">
    <skipped/>
  </testcase> <!-- TC_09_verifyAddActivityEnabled -->
  <testcase classname="com.potentia.automation.tests.AddAssignmentActTest" name="TC_10_verifyAddActivityFlow" time="0.0">
    <skipped/>
  </testcase> <!-- TC_10_verifyAddActivityFlow -->
  <testcase classname="com.potentia.automation.tests.AddAssignmentActTest" name="TC_11_verifyMultipleClicks" time="0.001">
    <skipped/>
  </testcase> <!-- TC_11_verifyMultipleClicks -->
  <testcase classname="com.potentia.automation.tests.AddAssignmentActTest" name="TC_12_verifyAllActivities" time="0.0">
    <skipped/>
  </testcase> <!-- TC_12_verifyAllActivities -->
  <testcase classname="com.potentia.automation.tests.AddAssignmentActTest" name="TC_13_verifyTooltipNotNull" time="0.0">
    <skipped/>
  </testcase> <!-- TC_13_verifyTooltipNotNull -->
  <testcase classname="com.potentia.automation.tests.AddAssignmentActTest" name="TC_14_verifyMultipleHover" time="0.0">
    <skipped/>
  </testcase> <!-- TC_14_verifyMultipleHover -->
  <testcase classname="com.potentia.automation.tests.AddAssignmentActTest" name="TC_15_verifyAssignmentSelection" time="0.0">
    <skipped/>
  </testcase> <!-- TC_15_verifyAssignmentSelection -->
  <testcase classname="com.potentia.automation.tests.AddAssignmentActTest" name="TC_16_verifyActivityDetailsTabLoaded" time="0.0">
    <skipped/>
  </testcase> <!-- TC_16_verifyActivityDetailsTabLoaded -->
  <testcase classname="com.potentia.automation.tests.AddAssignmentActTest" name="TC_17_verifyTitleField" time="0.0">
    <skipped/>
  </testcase> <!-- TC_17_verifyTitleField -->
  <testcase classname="com.potentia.automation.tests.AddAssignmentActTest" name="TC_18_verifyAlertText" time="0.0">
    <skipped/>
  </testcase> <!-- TC_18_verifyAlertText -->
  <testcase classname="com.potentia.automation.tests.AddAssignmentActTest" name="TC_19_verifyOkNavigates" time="0.0">
    <skipped/>
  </testcase> <!-- TC_19_verifyOkNavigates -->
  <testcase classname="com.potentia.automation.tests.AddAssignmentActTest" name="TC_20_verifyAssignmentSelection" time="0.001">
    <skipped/>
  </testcase> <!-- TC_20_verifyAssignmentSelection -->
  <testcase classname="com.potentia.automation.tests.AddAssignmentActTest" name="verifyEmptyTitleShowsErrorToastclickOnSaveAndContinueAndSaveAndExit" time="0.0">
    <skipped/>
  </testcase> <!-- verifyEmptyTitleShowsErrorToastclickOnSaveAndContinueAndSaveAndExit -->
  <testcase classname="com.potentia.automation.tests.AddAssignmentActTest" name="verifyTitleExceeds150CharsShowsErrorToast" time="0.0">
    <skipped/>
  </testcase> <!-- verifyTitleExceeds150CharsShowsErrorToast -->
  <testcase classname="com.potentia.automation.tests.AddAssignmentActTest" name="verifyOnlySpacesShowsErrorToast" time="0.0">
    <skipped/>
  </testcase> <!-- verifyOnlySpacesShowsErrorToast -->
  <testcase classname="com.potentia.automation.tests.AddAssignmentActTest" name="verifyHelpText" time="0.0">
    <skipped/>
  </testcase> <!-- verifyHelpText -->
  <testcase classname="com.potentia.automation.tests.AddAssignmentActTest" name="verifySpecialCharactersAccepted" time="0.0">
    <skipped/>
  </testcase> <!-- verifySpecialCharactersAccepted -->
  <testcase classname="com.potentia.automation.tests.AddAssignmentActTest" name="verifyEmojiSupport" time="0.0">
    <skipped/>
  </testcase> <!-- verifyEmojiSupport -->
  <testcase classname="com.potentia.automation.tests.AddAssignmentActTest" name="verifyCollapseExpand" time="0.0">
    <skipped/>
  </testcase> <!-- verifyCollapseExpand -->
  <testcase classname="com.potentia.automation.tests.AddAssignmentActTest" name="verifyDescriptionHelpText" time="0.0">
    <skipped/>
  </testcase> <!-- verifyDescriptionHelpText -->
  <testcase classname="com.potentia.automation.tests.AddAssignmentActTest" name="verifyDescriptionInput" time="0.0">
    <skipped/>
  </testcase> <!-- verifyDescriptionInput -->
  <testcase classname="com.potentia.automation.tests.AddAssignmentActTest" name="verifyMultilineInput" time="0.0">
    <skipped/>
  </testcase> <!-- verifyMultilineInput -->
  <testcase classname="com.potentia.automation.tests.AddAssignmentActTest" name="verifySpecialCharacters" time="0.0">
    <skipped/>
  </testcase> <!-- verifySpecialCharacters -->
  <testcase classname="com.potentia.automation.tests.AddAssignmentActTest" name="verifyLargeInput" time="0.0">
    <skipped/>
  </testcase> <!-- verifyLargeInput -->
  <testcase classname="com.potentia.automation.tests.AddAssignmentActTest" name="verifyResizeFunctionality" time="0.0">
    <skipped/>
  </testcase> <!-- verifyResizeFunctionality -->
  <testcase classname="com.potentia.automation.tests.AddAssignmentActTest" name="verifyXSSHandling" time="0.0">
    <skipped/>
  </testcase> <!-- verifyXSSHandling -->
  <testcase classname="com.potentia.automation.tests.AddAssignmentActTest" name="verifyActivityInstructionHelpText" time="0.0">
    <skipped/>
  </testcase> <!-- verifyActivityInstructionHelpText -->
  <testcase classname="com.potentia.automation.tests.AddAssignmentActTest" name="verifyTextInput" time="0.0">
    <skipped/>
  </testcase> <!-- verifyTextInput -->
  <testcase classname="com.potentia.automation.tests.AddAssignmentActTest" name="verifyTagsDisplayed" time="0.0">
    <skipped/>
  </testcase> <!-- verifyTagsDisplayed -->
  <testcase classname="com.potentia.automation.tests.AddAssignmentActTest" name="verifyAllTagsDisplayedAndInserted" time="0.0">
    <skipped/>
  </testcase> <!-- verifyAllTagsDisplayedAndInserted -->
  <testcase classname="com.potentia.automation.tests.AddAssignmentActTest" name="verifyinstructionMultilineInput" time="0.0">
    <skipped/>
  </testcase> <!-- verifyinstructionMultilineInput -->
  <testcase classname="com.potentia.automation.tests.AddAssignmentActTest" name="verifyinstructionSpecialCharacters" time="0.0">
    <skipped/>
  </testcase> <!-- verifyinstructionSpecialCharacters -->
  <testcase classname="com.potentia.automation.tests.AddAssignmentActTest" name="verifyToolbarActions" time="0.0">
    <skipped/>
  </testcase> <!-- verifyToolbarActions -->
  <testcase classname="com.potentia.automation.tests.AddAssignmentActTest" name="verifyInsertImage" time="0.0">
    <skipped/>
  </testcase> <!-- verifyInsertImage -->
  <testcase classname="com.potentia.automation.tests.AddAssignmentActTest" name="verifyCheckboxIsDisplayedAndSelectedByDefault" time="0.0">
    <skipped/>
  </testcase> <!-- verifyCheckboxIsDisplayedAndSelectedByDefault -->
  <testcase classname="com.potentia.automation.tests.AddAssignmentActTest" name="verifyCheckboxToggle" time="0.0">
    <skipped/>
  </testcase> <!-- verifyCheckboxToggle -->
  <testcase classname="com.potentia.automation.tests.AddAssignmentActTest" name="verifyClickingLabelTogglesCheckbox" time="0.0">
    <skipped/>
  </testcase> <!-- verifyClickingLabelTogglesCheckbox -->
  <testcase classname="com.potentia.automation.tests.AddAssignmentActTest" name="verifyAutoQuestionNumberHelpText" time="0.0">
    <skipped/>
  </testcase> <!-- verifyAutoQuestionNumberHelpText -->
  <testcase classname="com.potentia.automation.tests.AddAssignmentActTest" name="isAddAtleatOneQuestionErrormsgDisplayed" time="0.0">
    <skipped/>
  </testcase> <!-- isAddAtleatOneQuestionErrormsgDisplayed -->
  <testcase classname="com.potentia.automation.tests.AddAssignmentActTest" name="verifyModalDisplayed" time="0.0">
    <skipped/>
  </testcase> <!-- verifyModalDisplayed -->
  <testcase classname="com.potentia.automation.tests.AddAssignmentActTest" name="verifyAllQuestionTypesDisplayed" time="0.0">
    <skipped/>
  </testcase> <!-- verifyAllQuestionTypesDisplayed -->
  <testcase classname="com.potentia.automation.tests.AddAssignmentActTest" name="verifyHelpTextForAllQuestions" time="0.0">
    <skipped/>
  </testcase> <!-- verifyHelpTextForAllQuestions -->
  <testcase classname="com.potentia.automation.tests.AddAssignmentActTest" name="verifyModalClose" time="0.0">
    <skipped/>
  </testcase> <!-- verifyModalClose -->
  <testcase classname="com.potentia.automation.tests.AddAssignmentActTest" name="verifyRadioButtonQuestionFlow" time="0.0">
    <skipped/>
  </testcase> <!-- verifyRadioButtonQuestionFlow -->
  <testcase classname="com.potentia.automation.tests.AddAssignmentActTest" name="verifyQNoHiddenWhenAutoEnabled" time="0.0">
    <skipped/>
  </testcase> <!-- verifyQNoHiddenWhenAutoEnabled -->
  <testcase classname="com.potentia.automation.tests.AddAssignmentActTest" name="verifyQNoVisibleWhenAutoDisabled" time="0.0">
    <skipped/>
  </testcase> <!-- verifyQNoVisibleWhenAutoDisabled -->
  <testcase classname="com.potentia.automation.tests.AddAssignmentActTest" name="TC_55_verifyCheckboxDefaultState" time="0.0">
    <skipped/>
  </testcase> <!-- TC_55_verifyCheckboxDefaultState -->
  <testcase classname="com.potentia.automation.tests.AddAssignmentActTest" name="TC_56_verifyCheckboxSelection" time="0.0">
    <skipped/>
  </testcase> <!-- TC_56_verifyCheckboxSelection -->
  <testcase classname="com.potentia.automation.tests.AddAssignmentActTest" name="TC_57_verifyCheckboxUnSelection" time="0.0">
    <skipped/>
  </testcase> <!-- TC_57_verifyCheckboxUnSelection -->
  <testcase classname="com.potentia.automation.tests.AddAssignmentActTest" name="TC_58_verifyLabelClickTogglesCheckbox" time="0.0">
    <skipped/>
  </testcase> <!-- TC_58_verifyLabelClickTogglesCheckbox -->
</testsuite> <!-- Default test -->
