<?xml version="1.0" encoding="UTF-8"?>
<!-- Generated by org.testng.reporters.JUnitXMLReporter -->
<testsuite ignored="2" hostname="Thokala" failures="1" tests="27" name="VConnect Tests" time="50.501" errors="0" timestamp="2026-03-24T18:42:25 IST">
  <testcase classname="com.potentia.automation.tests.LoginTest" name="TC_Login_01_emptyEmailAndPasswordTest" time="1.205"/>
  <testcase classname="com.potentia.automation.tests.LoginTest" name="TC_Login_02_emptyEmailTest" time="1.249"/>
  <testcase classname="com.potentia.automation.tests.LoginTest" name="TC_Login_03_emptyPasswordTest" time="1.108"/>
  <testcase classname="com.potentia.automation.tests.LoginTest" name="TC_Login_04_invalidEmailTest" time="1.051"/>
  <testcase classname="com.potentia.automation.tests.LoginTest" name="TC_Login_05_invalidPasswordTest" time="2.082"/>
  <testcase classname="com.potentia.automation.tests.LoginTest" name="TC_Login_6_passwordEyeIconToggleTest" time="0.864"/>
  <testcase classname="com.potentia.automation.tests.LoginTest" name="TC_Login_07_keepMeLoggedInCheckboxTest" time="0.217"/>
  <testcase classname="com.potentia.automation.tests.LoginTest" name="TC_Login_08_forgotPasswordLinkVisibleTest" time="0.144"/>
  <testcase classname="com.potentia.automation.tests.LoginTest" name="TC_Login_09_openForgotPasswordModalTest" time="0.349"/>
  <testcase classname="com.potentia.automation.tests.LoginTest" name="TC_Login_10_emptyForgotPasswordEmailValidation" time="0.369"/>
  <testcase classname="com.potentia.automation.tests.LoginTest" name="TC_Login_11_invalidForgotPasswordEmailValidation" time="13.0"/>
  <testcase classname="com.potentia.automation.tests.LoginTest" name="TC_Login_12_unregisteredEmailValidation" time="2.287"/>
  <testcase classname="com.potentia.automation.tests.LoginTest" name="TC_Login_13_forgotPasswordSuccessMsgTest" time="2.115"/>
  <testcase classname="com.potentia.automation.tests.LoginTest" name="TC_Login_14_verifyValidLogin" time="2.346"/>
  <testcase classname="com.potentia.automation.tests.SuperClientsTest" name="TC_SC_01_verifyFacilitatorLandsOnMySuperClientsPageAndVarifyMYSuperClientsHeadingDisplayed" time="0.231"/>
  <testcase classname="com.potentia.automation.tests.SuperClientsTest" name="TC_SC_02_verifySuperClientListDisplayed" time="0.371"/>
  <testcase classname="com.potentia.automation.tests.SuperClientsTest" name="TC_SC_03_verifyEachSuperClientNameIsClickable" time="0.182"/>
  <testcase classname="com.potentia.automation.tests.SuperClientsTest" name="TC_SC_04_verifySuperClientCountGreaterThanZero" time="0.053"/>
  <testcase classname="com.potentia.automation.tests.SuperClientsTest" name="TC_SC_05_verifySuperClientNamesAreNotBlank" time="0.141"/>
  <testcase classname="com.potentia.automation.tests.SuperClientsTest" name="TC_SC_06_verifySuperClientLinksHaveHref" time="0.096"/>
  <testcase classname="com.potentia.automation.tests.SuperClientsTest" name="TC_SC_07_verifyProfileDropdownVisible" time="0.072"/>
  <testcase classname="com.potentia.automation.tests.SuperClientsTest" name="TC_SC_08_verifyProfileDropdownOptions" time="0.698"/>
  <testcase classname="com.potentia.automation.tests.SuperClientsTest" name="TC_SC_09_verifyCurrentAccountNameDisplayed" time="15.148">
    <failure type="org.openqa.selenium.TimeoutException" message="Expected condition failed: waiting for visibility of element located by By.id: user_signedInTitle (tried for 15 second(s) with 500 milliseconds interval)
Build info: version: &amp;apos;4.22.0&amp;apos;, revision: &amp;apos;c5f3146703*&amp;apos;
System info: os.name: &amp;apos;Windows 11&amp;apos;, os.arch: &amp;apos;amd64&amp;apos;, os.version: &amp;apos;10.0&amp;apos;, java.version: &amp;apos;21.0.10&amp;apos;
Driver info: org.openqa.selenium.chrome.ChromeDriver
Capabilities {acceptInsecureCerts: false, browserName: chrome, browserVersion: 146.0.7680.164, chrome: {chromedriverVersion: 146.0.7680.165 (4b989da09e1..., userDataDir: C:\Users\manit\AppData\Loca...}, fedcm:accounts: true, goog:chromeOptions: {debuggerAddress: localhost:59860}, goog:processID: 15952, networkConnectionEnabled: false, pageLoadStrategy: eager, platformName: windows, proxy: Proxy(), se:cdp: ws://localhost:59860/devtoo..., se:cdpVersion: 146.0.7680.164, setWindowRect: true, strictFileInteractability: false, timeouts: {implicit: 0, pageLoad: 300000, script: 30000}, unhandledPromptBehavior: dismiss and notify, webauthn:extension:credBlob: true, webauthn:extension:largeBlob: true, webauthn:extension:minPinLength: true, webauthn:extension:prf: true, webauthn:virtualAuthenticators: true}
Session ID: 4fff159aa0e82707d1f1591595183ccb">
      <![CDATA[org.openqa.selenium.TimeoutException: Expected condition failed: waiting for visibility of element located by By.id: user_signedInTitle (tried for 15 second(s) with 500 milliseconds interval)
Build info: version: '4.22.0', revision: 'c5f3146703*'
System info: os.name: 'Windows 11', os.arch: 'amd64', os.version: '10.0', java.version: '21.0.10'
Driver info: org.openqa.selenium.chrome.ChromeDriver
Capabilities {acceptInsecureCerts: false, browserName: chrome, browserVersion: 146.0.7680.164, chrome: {chromedriverVersion: 146.0.7680.165 (4b989da09e1..., userDataDir: C:\Users\manit\AppData\Loca...}, fedcm:accounts: true, goog:chromeOptions: {debuggerAddress: localhost:59860}, goog:processID: 15952, networkConnectionEnabled: false, pageLoadStrategy: eager, platformName: windows, proxy: Proxy(), se:cdp: ws://localhost:59860/devtoo..., se:cdpVersion: 146.0.7680.164, setWindowRect: true, strictFileInteractability: false, timeouts: {implicit: 0, pageLoad: 300000, script: 30000}, unhandledPromptBehavior: dismiss and notify, webauthn:extension:credBlob: true, webauthn:extension:largeBlob: true, webauthn:extension:minPinLength: true, webauthn:extension:prf: true, webauthn:virtualAuthenticators: true}
Session ID: 4fff159aa0e82707d1f1591595183ccb
at org.openqa.selenium.support.ui.WebDriverWait.timeoutException(WebDriverWait.java:84)
at org.openqa.selenium.support.ui.FluentWait.until(FluentWait.java:228)
at com.potentia.automation.pages.SuperClientsPage.waitForVisibility(SuperClientsPage.java:48)
at com.potentia.automation.pages.SuperClientsPage.getCurrentAccountName(SuperClientsPage.java:196)
at com.potentia.automation.tests.SuperClientsTest.TC_SC_09_verifyCurrentAccountNameDisplayed(SuperClientsTest.java:114)
at java.base/java.util.ArrayList.forEach(ArrayList.java:1596)
... Removed 25 stack frames]]>
    </failure>
  </testcase> <!-- TC_SC_09_verifyCurrentAccountNameDisplayed -->
  <testcase classname="com.potentia.automation.tests.SuperClientsTest" name="TC_SC_10_verifyLoggedInUserNameDisplayed" time="0.139"/>
  <testcase classname="com.potentia.automation.tests.SuperClientsTest" name="TC_SC_11_verifyHeaderLogoDisplayed" time="0.084"/>
  <testcase classname="com.potentia.automation.tests.SuperClientsTest" name="TC_SC_12_verifyFooterLogoDisplayed" time="0.054"/>
  <testcase classname="com.potentia.automation.tests.SuperClientsTest" name="TC_SC_13_clickSuperClientByName" time="4.528"/>
  <testcase classname="com.potentia.automation.core.BaseTest" name="@BeforeSuite setUpSuite" time="0.0">
    <ignored/>
  </testcase> <!-- @BeforeSuite setUpSuite -->
  <testcase classname="com.potentia.automation.core.BaseTest" name="@AfterSuite tearDownSuite" time="0.0">
    <ignored/>
  </testcase> <!-- @AfterSuite tearDownSuite -->
</testsuite> <!-- VConnect Tests -->
