<?xml version="1.0" encoding="UTF-8"?>
<!-- Generated by org.testng.reporters.JUnitReportReporter -->
<testsuite hostname="Thokala" failures="1" tests="93" name="com.potentia.automation.tests.AddNewBatchTest" time="170.568" errors="1" timestamp="2026-04-02T11:23:25 IST" skipped="0">
  <testcase classname="com.potentia.automation.tests.AddNewBatchTest" name="TC_SC_1_clickSuperClientByName" time="0.943"/>
  <testcase classname="com.potentia.automation.tests.AddNewBatchTest" name="TC_ANB_02_verifyFacilitatorCanOpenCreateBatchFromAnyLandingScreen" time="1.110"/>
  <testcase classname="com.potentia.automation.tests.AddNewBatchTest" name="TC_AB_BS_03_verifyBasicSetupTabIsActiveAndRemainingTabsAreDisabled" time="0.379"/>
  <testcase classname="com.potentia.automation.tests.AddNewBatchTest" name="TC_AB_BS_04_verifyMandatoryValidationOnSaveAndExitWithoutBatchTitle" time="0.249"/>
  <testcase classname="com.potentia.automation.tests.AddNewBatchTest" name="TC_AB_BS_05_verifyMandatoryValidationOnSaveAndContinueWithoutBatchTitle" time="0.355"/>
  <testcase classname="com.potentia.automation.tests.AddNewBatchTest" name="TC_AB_BS_06_verifyBatchTitleMaxLengthValidationOnSaveAndExit" time="0.669"/>
  <testcase classname="com.potentia.automation.tests.AddNewBatchTest" name="TC_AB_BS_07_verifyBatchTitleMaxLengthValidationOnSaveAndContinue" time="0.732"/>
  <testcase classname="com.potentia.automation.tests.AddNewBatchTest" name="TC_AB_BS_08_verifyBatchTitleHelpText" time="0.054"/>
  <testcase classname="com.potentia.automation.tests.AddNewBatchTest" name="TC_AB_BS_09_verifyDescriptionDropdownExpandAndHelpText" time="0.266"/>
  <testcase classname="com.potentia.automation.tests.AddNewBatchTest" name="TC_AB_BS_10_verifyDescriptionMaxLengthValidationOnSaveAndExit" time="3.653"/>
  <testcase classname="com.potentia.automation.tests.AddNewBatchTest" name="TC_AB_BS_11_verifyDescriptionMaxLengthValidationOnSaveAndContinue" time="3.125"/>
  <testcase classname="com.potentia.automation.tests.AddNewBatchTest" name="TC_AB_BS_12_verifyVisibleLikelyActivitiesCheckboxesWorking" time="0.369"/>
  <testcase classname="com.potentia.automation.tests.AddNewBatchTest" name="TC_AB_BS_13_verifyVisibleLikelyActivitiesHelpTextsPresent" time="0.202"/>
  <testcase classname="com.potentia.automation.tests.AddNewBatchTest" name="TC_AB_BS_14_verifyViewMoreActivitiesDropdownAndCheckboxesWorking" time="1.321"/>
  <testcase classname="com.potentia.automation.tests.AddNewBatchTest" name="TC_AB_BS_15_verifyMoreActivitiesHelpTextsPresent" time="0.690"/>
  <testcase classname="com.potentia.automation.tests.AddNewBatchTest" name="TC_AB_BS_16_verifyButtonsAreDisplayed" time="0.239"/>
  <testcase classname="com.potentia.automation.tests.AddNewBatchTest" name="TC_AB_BS_17_verifyFacilitatorCanCreateBatchUsingSaveAndExitInBasicSetUpTab" time="3.956"/>
  <testcase classname="com.potentia.automation.tests.AddNewBatchTest" name="TC_AB_BS_18_verifyFacilitatorLandsOnProgramInfoPageAfterClickingSaveAndContinueInBasicSetUpTab" time="4.555"/>
  <testcase classname="com.potentia.automation.tests.AddNewBatchTest" name="TC_AB_PI_19_verifyProgramInfoTabStateAfterSaveAndContinueinBasicSetUpTabAndCheckingModificationsinBasicSetUpTab" time="2.440"/>
  <testcase classname="com.potentia.automation.tests.AddNewBatchTest" name="TC_AB_PI_20_verifyProgramInfoDateFieldsDisplayedAndEnabled" time="0.265"/>
  <testcase classname="com.potentia.automation.tests.AddNewBatchTest" name="TC_AB_PI_21_verifyDefaultStartDateIsTodayDate" time="0.218"/>
  <testcase classname="com.potentia.automation.tests.AddNewBatchTest" name="TC_AB_PI_22_verifyDefaultEndDateIsOneMonthAfterStartDate" time="0.314"/>
  <testcase classname="com.potentia.automation.tests.AddNewBatchTest" name="TC_AB_PI_23_verifyStartDateHelpText" time="0.150"/>
  <testcase classname="com.potentia.automation.tests.AddNewBatchTest" name="TC_AB_PI_24_verifyEndDateHelpText" time="0.162"/>
  <testcase classname="com.potentia.automation.tests.AddNewBatchTest" name="TC_AB_PI_25_verifyStartDateRequiredValidationOnSaveAndExit" time="1.000"/>
  <testcase classname="com.potentia.automation.tests.AddNewBatchTest" name="TC_AB_PI_26_verifyStartDateRequiredValidationOnSaveAndContinue" time="1.001"/>
  <testcase classname="com.potentia.automation.tests.AddNewBatchTest" name="TC_AB_PI_27_verifyUserCanEnterValidStartDate" time="6.708"/>
  <testcase classname="com.potentia.automation.tests.AddNewBatchTest" name="TC_AB_PI_28_verifyEndDateRequiredValidationOnSaveAndExit" time="1.101"/>
  <testcase classname="com.potentia.automation.tests.AddNewBatchTest" name="TC_AB_PI_29_verifyEndDateRequiredValidationOnSaveAndContinue" time="0.916"/>
  <testcase classname="com.potentia.automation.tests.AddNewBatchTest" name="TC_AB_PI_30_verifyUserCanEnterValidEndDate" time="6.514"/>
  <testcase classname="com.potentia.automation.tests.AddNewBatchTest" name="TC_AB_PI_31_verifyEndDateIsNotBeforeStartDate" time="1.439"/>
  <testcase classname="com.potentia.automation.tests.AddNewBatchTest" name="TC_AB_PI_32_verifyPastDatesDisabledInStartDatePicker" time="2.209"/>
  <testcase classname="com.potentia.automation.tests.AddNewBatchTest" name="TC_AB_PI_33_verifyPastDatesDisabledInEndDatePicker" time="2.181"/>
  <testcase classname="com.potentia.automation.tests.AddNewBatchTest" name="TC_PI_34_verifyProgramGenreAndProgramTitleDefaultState" time="0.548"/>
  <testcase classname="com.potentia.automation.tests.AddNewBatchTest" name="TC_PI_35_verifyProgramGenreAndProgramTitleHelpText" time="0.251"/>
  <testcase classname="com.potentia.automation.tests.AddNewBatchTest" name="TC_PI_36_verifyProgramGenreSearchFunctionalityAndverifyProgramGenreSearchNoResultsFound" time="19.871"/>
  <testcase classname="com.potentia.automation.tests.AddNewBatchTest" name="TC_PI_37_verifyProgramTitleDropdownPopulatesAfterSelectingProgramGenre" time="0.935"/>
  <testcase classname="com.potentia.automation.tests.AddNewBatchTest" name="TC_PI_38_verifyAddProgramGenrePopupDisplays" time="0.397"/>
  <testcase classname="com.potentia.automation.tests.AddNewBatchTest" name="TC_PI_39_verifyAddProgramGenreMandatoryValidation" time="0.386"/>
  <testcase classname="com.potentia.automation.tests.AddNewBatchTest" name="TC_PI_40_verifyProgramGenreFieldMaxLengthValidation" time="0.866"/>
  <testcase classname="com.potentia.automation.tests.AddNewBatchTest" name="TC_PI_41_verifyShortTitleFieldMaxLengthValidation" time="0.850"/>
  <testcase classname="com.potentia.automation.tests.AddNewBatchTest" name="TC_PI_42_verifyLikelyProgramTitleAddAndRemoveFunctionality" time="0.433"/>
  <testcase classname="com.potentia.automation.tests.AddNewBatchTest" name="TC_PI_43_verifyLikelyProgramTitleMaxLengthValidation" time="1.576"/>
  <testcase classname="com.potentia.automation.tests.AddNewBatchTest" name="TC_PI_44_verifyDescriptionMaxLengthValidationInAddProgramGenrePopup" time="6.313"/>
  <testcase classname="com.potentia.automation.tests.AddNewBatchTest" name="TC_PI_45_verifyNewProgramGenreIsAddedAndSelectedInProgramGenreDropDown" time="3.155"/>
  <testcase classname="com.potentia.automation.tests.AddNewBatchTest" name="TC_PI_46_verifyProgramTitleOptionsMatchLikelyTitlesFromAddedProgramGenre" time="3.623"/>
  <testcase classname="com.potentia.automation.tests.AddNewBatchTest" name="TC_PI_47_verifyAddProgramTitlePopupDisplays" time="0.603"/>
  <testcase classname="com.potentia.automation.tests.AddNewBatchTest" name="TC_PI_48_verifyAddProgramTitleMandatoryValidation" time="0.645"/>
  <testcase classname="com.potentia.automation.tests.AddNewBatchTest" name="TC_PI_49_verifyProgramTitleMaxLengthValidationInAddProgramTitlePopup" time="3.588"/>
  <testcase classname="com.potentia.automation.tests.AddNewBatchTest" name="TC_PI_50_verifyNewProgramTitleIsAddedToProgramTitleDropdown" time="2.691">
    <failure message="Newly added Program Title is not present in Program Title dropdown. expected [true] but found [false]" type="java.lang.AssertionError">
      <![CDATA[java.lang.AssertionError: Newly added Program Title is not present in Program Title dropdown. expected [true] but found [false]
at org.testng.Assert.fail(Assert.java:111)
at org.testng.Assert.failNotEquals(Assert.java:1578)
at org.testng.Assert.assertTrue(Assert.java:57)
at com.potentia.automation.tests.AddNewBatchTest.TC_PI_50_verifyNewProgramTitleIsAddedToProgramTitleDropdown(AddNewBatchTest.java:900)
at java.base/jdk.internal.reflect.DirectMethodHandleAccessor.invoke(DirectMethodHandleAccessor.java:103)
at java.base/java.lang.reflect.Method.invoke(Method.java:580)
at org.testng.internal.invokers.MethodInvocationHelper.invokeMethod(MethodInvocationHelper.java:141)
at org.testng.internal.invokers.TestInvoker.invokeMethod(TestInvoker.java:686)
at org.testng.internal.invokers.TestInvoker.invokeTestMethod(TestInvoker.java:230)
at org.testng.internal.invokers.MethodRunner.runInSequence(MethodRunner.java:63)
at org.testng.internal.invokers.TestInvoker$MethodInvocationAgent.invoke(TestInvoker.java:992)
at org.testng.internal.invokers.TestInvoker.invokeTestMethods(TestInvoker.java:203)
at org.testng.internal.invokers.TestMethodWorker.invokeTestMethods(TestMethodWorker.java:154)
at org.testng.internal.invokers.TestMethodWorker.run(TestMethodWorker.java:134)
at java.base/java.util.ArrayList.forEach(ArrayList.java:1596)
at org.testng.TestRunner.privateRun(TestRunner.java:739)
at org.testng.TestRunner.run(TestRunner.java:614)
at org.testng.SuiteRunner.runTest(SuiteRunner.java:421)
at org.testng.SuiteRunner.runSequentially(SuiteRunner.java:413)
at org.testng.SuiteRunner.privateRun(SuiteRunner.java:373)
at org.testng.SuiteRunner.run(SuiteRunner.java:312)
at org.testng.SuiteRunnerWorker.runSuite(SuiteRunnerWorker.java:52)
at org.testng.SuiteRunnerWorker.run(SuiteRunnerWorker.java:95)
at org.testng.TestNG.runSuitesSequentially(TestNG.java:1274)
at org.testng.TestNG.runSuitesLocally(TestNG.java:1208)
at org.testng.TestNG.runSuites(TestNG.java:1112)
at org.testng.TestNG.run(TestNG.java:1079)
at org.testng.remote.AbstractRemoteTestNG.run(AbstractRemoteTestNG.java:115)
at org.testng.remote.RemoteTestNG.initAndRun(RemoteTestNG.java:293)
at org.testng.remote.RemoteTestNG.main(RemoteTestNG.java:91)
]]>
    </failure>
  </testcase> <!-- TC_PI_50_verifyNewProgramTitleIsAddedToProgramTitleDropdown -->
  <testcase classname="com.potentia.automation.tests.AddNewBatchTest" name="TC_TA_51_verifyTargetAudienceLabelIsDisplayed" time="0.133"/>
  <testcase classname="com.potentia.automation.tests.AddNewBatchTest" name="TC_TA_52_verifyDropdownIsVisibleAndEnabled" time="0.142"/>
  <testcase classname="com.potentia.automation.tests.AddNewBatchTest" name="TC_TA_53_verifyDefaultSelectedOption" time="0.087"/>
  <testcase classname="com.potentia.automation.tests.AddNewBatchTest" name="TC_TA_54_verifyAllDropdownOptions" time="0.111"/>
  <testcase classname="com.potentia.automation.tests.AddNewBatchTest" name="TC_TA_55_verifyDropdownOptionsCount" time="0.079"/>
  <testcase classname="com.potentia.automation.tests.AddNewBatchTest" name="TC_TA_56_verifyNoDuplicateOptionsPresent" time="0.066"/>
  <testcase classname="com.potentia.automation.tests.AddNewBatchTest" name="TC_TA_57_verifyOptionValueMapping" time="0.084"/>
  <testcase classname="com.potentia.automation.tests.AddNewBatchTest" name="TC_TA_58_verifyUserCanSelectJuniorMgmt" time="0.231"/>
  <testcase classname="com.potentia.automation.tests.AddNewBatchTest" name="TC_TA_59_verifyUserCanSelectMiddleMgmt" time="0.225"/>
  <testcase classname="com.potentia.automation.tests.AddNewBatchTest" name="TC_TA_60_verifyUserCanSelectSeniorMgmt" time="0.260"/>
  <testcase classname="com.potentia.automation.tests.AddNewBatchTest" name="TC_TA_61_verifyUserCanSelectTopMgmt" time="0.227"/>
  <testcase classname="com.potentia.automation.tests.AddNewBatchTest" name="TC_TA_62_verifyUserCanSelectJrAndMiddleMgmt" time="0.237"/>
  <testcase classname="com.potentia.automation.tests.AddNewBatchTest" name="TC_TA_63_verifyUserCanSelectMiddleAndSrMgmt" time="0.387"/>
  <testcase classname="com.potentia.automation.tests.AddNewBatchTest" name="TC_TA_64_verifyUserCanSelectAllMix" time="0.247"/>
  <testcase classname="com.potentia.automation.tests.AddNewBatchTest" name="TC_TA_65_verifySelectedValuePersistsAfterClickOutside" time="0.297"/>
  <testcase classname="com.potentia.automation.tests.AddNewBatchTest" name="TC_CL_66_verifyClientDropdownOpensAndSearchBoxDisplayed" time="0.786"/>
  <testcase classname="com.potentia.automation.tests.AddNewBatchTest" name="TC_CL_67_verifyInvalidClientSearchShowsNoResults" time="0.526"/>
  <testcase classname="com.potentia.automation.tests.AddNewBatchTest" name="TC_CL_68_verifyMandatoryFieldValidation" time="0.263"/>
  <testcase classname="com.potentia.automation.tests.AddNewBatchTest" name="TC_CL_69_verifyClientNameLengthValidation" time="1.241"/>
  <testcase classname="com.potentia.automation.tests.AddNewBatchTest" name="TC_CL_70_verifyIndustryLengthValidation" time="0.654"/>
  <testcase classname="com.potentia.automation.tests.AddNewBatchTest" name="TC_CL_71_verifyDuplicateClientValidation" time="2.005"/>
  <testcase classname="com.potentia.automation.tests.AddNewBatchTest" name="TC_CL_72_verifyLogoDeletePopupCancelKeepsLogo" time="1.645"/>
  <testcase classname="com.potentia.automation.tests.AddNewBatchTest" name="TC_CL_73_verifyLogoDeletePopupOkDeletesLogo" time="1.532"/>
  <testcase classname="com.potentia.automation.tests.AddNewBatchTest" name="TC_CL_74_verifyValidClientAddOrCaptureServerError" time="0.632"/>
  <testcase classname="com.potentia.automation.tests.AddNewBatchTest" name="TC_CL_75_verifyFacilitatorCanCreateBatchUsingSaveAndExitInProgramInfoTab" time="2.703"/>
  <testcase classname="com.potentia.automation.tests.AddNewBatchTest" name="TC_AB_FI_76_verifyFacilitatorLandsOnFacilitatorInfoPageAfterClickingSaveAndContinueInProgramInfoTab" time="3.988"/>
  <testcase classname="com.potentia.automation.tests.AddNewBatchTest" name="TC_AB_FI_77_verifyFacilitatorLandsOnFacilitatorInfoAfterProgramInfoSaveAndContinue" time="20.891"/>
  <testcase classname="com.potentia.automation.tests.AddNewBatchTest" name="TC_AB_FI_78_verifyFacilitatorInfoTabStateAndNavigationState" time="0.144"/>
  <testcase classname="com.potentia.automation.tests.AddNewBatchTest" name="TC_AB_FI_79_verifyDefaultFacilitatorRowAndControls" time="0.271"/>
  <testcase classname="com.potentia.automation.tests.AddNewBatchTest" name="TC_AB_FI_80_verifyHelpTextsAndSendEmailFromDefaultSelection" time="0.395"/>
  <testcase classname="com.potentia.automation.tests.AddNewBatchTest" name="TC_AB_FI_81_verifyBatchPrivilegesPopupOpensAndTitleContainsFacilitatorName" time="0.929"/>
  <testcase classname="com.potentia.automation.tests.AddNewBatchTest" name="TC_AB_FI_82_verifyNonEditableCrossMarkPrivilegesAreDisplayed" time="0.808"/>
  <testcase classname="com.potentia.automation.tests.AddNewBatchTest" name="TC_AB_FI_83_verifyAddAllBulkCheckboxControlsOnlyEditableAddColumnPrivileges" time="0.187"/>
  <testcase classname="com.potentia.automation.tests.AddNewBatchTest" name="TC_AB_FI_84_verifyEditAllBulkCheckboxControlsOnlyEditableEditColumnPrivileges" time="0.156"/>
  <testcase classname="com.potentia.automation.tests.AddNewBatchTest" name="TC_AB_FI_85_verifyDeleteAllBulkCheckboxControlsOnlyEditableDeleteColumnPrivileges" time="0.205"/>
  <testcase classname="com.potentia.automation.tests.AddNewBatchTest" name="TC_AB_FI_87_verifyViewAllBulkCheckboxControlsOnlyEditableViewColumnPrivileges" time="20.328">
    <error message="Expected condition failed: waiting for com.potentia.automation.pages.AddNewBatchPage$$Lambda/0x00000230d43c48b8@4d55b63d (tried for 20 second(s) with 500 milliseconds interval)
Build info: version: &#039;4.22.0&#039;, revision: &#039;c5f3146703*&#039;
System info: os.name: &#039;Windows 11&#039;, os.arch: &#039;amd64&#039;, os.version: &#039;10.0&#039;, java.version: &#039;21.0.10&#039;
Driver info: org.openqa.selenium.chrome.ChromeDriver
Capabilities {acceptInsecureCerts: false, browserName: chrome, browserVersion: 146.0.7680.165, chrome: {chromedriverVersion: 146.0.7680.165 (4b989da09e1..., userDataDir: C:\Users\manit\AppData\Loca...}, fedcm:accounts: true, goog:chromeOptions: {debuggerAddress: localhost:60720}, goog:processID: 31880, networkConnectionEnabled: false, pageLoadStrategy: eager, platformName: windows, proxy: Proxy(), se:cdp: ws://localhost:60720/devtoo..., se:cdpVersion: 146.0.7680.165, setWindowRect: true, strictFileInteractability: false, timeouts: {implicit: 0, pageLoad: 300000, script: 30000}, unhandledPromptBehavior: dismiss and notify, webauthn:extension:credBlob: true, webauthn:extension:largeBlob: true, webauthn:extension:minPinLength: true, webauthn:extension:prf: true, webauthn:virtualAuthenticators: true}
Session ID: e98b1458d0ce82bbc98b9e5035877c38" type="org.openqa.selenium.TimeoutException">
      <![CDATA[org.openqa.selenium.TimeoutException: Expected condition failed: waiting for com.potentia.automation.pages.AddNewBatchPage$$Lambda/0x00000230d43c48b8@4d55b63d (tried for 20 second(s) with 500 milliseconds interval)
Build info: version: '4.22.0', revision: 'c5f3146703*'
System info: os.name: 'Windows 11', os.arch: 'amd64', os.version: '10.0', java.version: '21.0.10'
Driver info: org.openqa.selenium.chrome.ChromeDriver
Capabilities {acceptInsecureCerts: false, browserName: chrome, browserVersion: 146.0.7680.165, chrome: {chromedriverVersion: 146.0.7680.165 (4b989da09e1..., userDataDir: C:\Users\manit\AppData\Loca...}, fedcm:accounts: true, goog:chromeOptions: {debuggerAddress: localhost:60720}, goog:processID: 31880, networkConnectionEnabled: false, pageLoadStrategy: eager, platformName: windows, proxy: Proxy(), se:cdp: ws://localhost:60720/devtoo..., se:cdpVersion: 146.0.7680.165, setWindowRect: true, strictFileInteractability: false, timeouts: {implicit: 0, pageLoad: 300000, script: 30000}, unhandledPromptBehavior: dismiss and notify, webauthn:extension:credBlob: true, webauthn:extension:largeBlob: true, webauthn:extension:minPinLength: true, webauthn:extension:prf: true, webauthn:virtualAuthenticators: true}
Session ID: e98b1458d0ce82bbc98b9e5035877c38
at org.openqa.selenium.support.ui.WebDriverWait.timeoutException(WebDriverWait.java:84)
at org.openqa.selenium.support.ui.FluentWait.until(FluentWait.java:228)
at com.potentia.automation.pages.AddNewBatchPage.assertColumnState(AddNewBatchPage.java:2280)
at com.potentia.automation.pages.AddNewBatchPage.verifyBulkColumnCheckboxBehavior(AddNewBatchPage.java:2297)
at com.potentia.automation.tests.AddNewBatchTest.TC_AB_FI_87_verifyViewAllBulkCheckboxControlsOnlyEditableViewColumnPrivileges(AddNewBatchTest.java:1404)
at java.base/jdk.internal.reflect.DirectMethodHandleAccessor.invoke(DirectMethodHandleAccessor.java:103)
at java.base/java.lang.reflect.Method.invoke(Method.java:580)
at org.testng.internal.invokers.MethodInvocationHelper.invokeMethod(MethodInvocationHelper.java:141)
at org.testng.internal.invokers.TestInvoker.invokeMethod(TestInvoker.java:686)
at org.testng.internal.invokers.TestInvoker.invokeTestMethod(TestInvoker.java:230)
at org.testng.internal.invokers.MethodRunner.runInSequence(MethodRunner.java:63)
at org.testng.internal.invokers.TestInvoker$MethodInvocationAgent.invoke(TestInvoker.java:992)
at org.testng.internal.invokers.TestInvoker.invokeTestMethods(TestInvoker.java:203)
at org.testng.internal.invokers.TestMethodWorker.invokeTestMethods(TestMethodWorker.java:154)
at org.testng.internal.invokers.TestMethodWorker.run(TestMethodWorker.java:134)
at java.base/java.util.ArrayList.forEach(ArrayList.java:1596)
at org.testng.TestRunner.privateRun(TestRunner.java:739)
at org.testng.TestRunner.run(TestRunner.java:614)
at org.testng.SuiteRunner.runTest(SuiteRunner.java:421)
at org.testng.SuiteRunner.runSequentially(SuiteRunner.java:413)
at org.testng.SuiteRunner.privateRun(SuiteRunner.java:373)
at org.testng.SuiteRunner.run(SuiteRunner.java:312)
at org.testng.SuiteRunnerWorker.runSuite(SuiteRunnerWorker.java:52)
at org.testng.SuiteRunnerWorker.run(SuiteRunnerWorker.java:95)
at org.testng.TestNG.runSuitesSequentially(TestNG.java:1274)
at org.testng.TestNG.runSuitesLocally(TestNG.java:1208)
at org.testng.TestNG.runSuites(TestNG.java:1112)
at org.testng.TestNG.run(TestNG.java:1079)
at org.testng.remote.AbstractRemoteTestNG.run(AbstractRemoteTestNG.java:115)
at org.testng.remote.RemoteTestNG.initAndRun(RemoteTestNG.java:293)
at org.testng.remote.RemoteTestNG.main(RemoteTestNG.java:91)
]]>
    </error>
  </testcase> <!-- TC_AB_FI_87_verifyViewAllBulkCheckboxControlsOnlyEditableViewColumnPrivileges -->
  <testcase classname="com.potentia.automation.tests.AddNewBatchTest" name="TC_AB_FI_88_verifyCloseAllBulkCheckboxControlsOnlyEditableCloseColumnPrivileges" time="0.178"/>
  <testcase classname="com.potentia.automation.tests.AddNewBatchTest" name="TC_AB_FI_89_verifyInviteAllBulkCheckboxControlsOnlyEditableInviteColumnPrivileges" time="0.181"/>
  <testcase classname="com.potentia.automation.tests.AddNewBatchTest" name="TC_AB_FI_90_verifyPrivilegesArePersistedAfterUpdate" time="2.075"/>
  <testcase classname="com.potentia.automation.tests.AddNewBatchTest" name="TC_AB_FI_90_verifyFacilitatorCanBeAddedMultipleTimes" time="4.114"/>
  <testcase classname="com.potentia.automation.tests.AddNewBatchTest" name="TC_AB_FI_91_verifyFacilitatorCanBeDeletedMultipleTimes" time="3.277"/>
  <testcase classname="com.potentia.automation.tests.AddNewBatchTest" name="TC_AB_FI_92_verifyLastRemainingFacilitatorCannotBeDeleted" time="0.247"/>
  <testcase classname="com.potentia.automation.tests.AddNewBatchTest" name="TC_AB_FI_93_verifyDeletePopupCancelKeepsFacilitatorRow" time="1.178"/>
</testsuite> <!-- com.potentia.automation.tests.AddNewBatchTest -->
