<?xml version="1.0" encoding="UTF-8"?>
<!-- Generated by org.testng.reporters.JUnitReportReporter -->
<testsuite hostname="Thokala" failures="3" tests="35" name="com.potentia.automation.tests.MyBatchesTest" time="184.501" errors="1" timestamp="2026-03-31T16:47:00 IST" skipped="0">
  <testcase classname="com.potentia.automation.tests.MyBatchesTest" name="TC_SC_1_clickSuperClientByName" time="0.899"/>
  <testcase classname="com.potentia.automation.tests.MyBatchesTest" name="TC_MB_02_verifyFacilitatorNavigatesToMyBatchesPage" time="0.293"/>
  <testcase classname="com.potentia.automation.tests.MyBatchesTest" name="TC_MB_03_verifyPageLoadsWithoutUiBreak" time="0.197"/>
  <testcase classname="com.potentia.automation.tests.MyBatchesTest" name="TC_MB_04_verifyNewBatchButtonDisplayed" time="0.052"/>
  <testcase classname="com.potentia.automation.tests.MyBatchesTest" name="TC_MB_05_verifyPrimaryTabsDisplayed" time="0.168"/>
  <testcase classname="com.potentia.automation.tests.MyBatchesTest" name="TC_MB_06_verifySecondaryTabsDisplayed" time="0.090"/>
  <testcase classname="com.potentia.automation.tests.MyBatchesTest" name="TC_MB_07_verifyBatchCardsDisplayed" time="0.016"/>
  <testcase classname="com.potentia.automation.tests.MyBatchesTest" name="TC_MB_08_verifyBatchCardMandatoryDetails" time="0.635"/>
  <testcase classname="com.potentia.automation.tests.MyBatchesTest" name="TC_MB_09_verifyBatchTitlesAreDisplayed" time="0.293"/>
  <testcase classname="com.potentia.automation.tests.MyBatchesTest" name="TC_MB_10_verifyBatchActionIconsDisplayed" time="0.104"/>
  <testcase classname="com.potentia.automation.tests.MyBatchesTest" name="TC_MB_11_verifyBatchCardsCountGreaterThanZero" time="0.037"/>
  <testcase classname="com.potentia.automation.tests.MyBatchesTest" name="TC_MB_Search_12_verifySearchFieldDisplayed" time="0.048"/>
  <testcase classname="com.potentia.automation.tests.MyBatchesTest" name="TC_MB_Search_13_verifySearchWithInvalidBatchName" time="0.532"/>
  <testcase classname="com.potentia.automation.tests.MyBatchesTest" name="TC_MB_Search_14verifySearchFieldAcceptsInput" time="0.293"/>
  <testcase classname="com.potentia.automation.tests.MyBatchesTest" name="TC_MB_SORT_15_verifySortDropdownVisibleAndEnabled" time="0.068"/>
  <testcase classname="com.potentia.automation.tests.MyBatchesTest" name="TC_MB_SORT_16_verifySortDropdownOptions" time="0.251"/>
  <testcase classname="com.potentia.automation.tests.MyBatchesTest" name="TC_MB_SORT_17_verifyBatchNameSortingInActiveTab" time="2.286"/>
  <testcase classname="com.potentia.automation.tests.MyBatchesTest" name="TC_MB_SORT_18_verifyBatchNameSortingInPlannedTab" time="7.077"/>
  <testcase classname="com.potentia.automation.tests.MyBatchesTest" name="TC_MB_SORT_19_verifyBatchNameSortingInInactiveTab" time="3.829"/>
  <testcase classname="com.potentia.automation.tests.MyBatchesTest" name="TC_MB_SORT_20_verifyBatchNameSortPersistsAfterRefreshInActiveTab" time="3.496"/>
  <testcase classname="com.potentia.automation.tests.MyBatchesTest" name="TC_MB_SORT_21_verifyBatchNameSortPersistsAfterRefreshInPlannedTab" time="10.823"/>
  <testcase classname="com.potentia.automation.tests.MyBatchesTest" name="TC_MB_SORT_22_verifyBatchNameSortPersistsAfterRefreshInInactiveTab" time="7.145"/>
  <testcase classname="com.potentia.automation.tests.MyBatchesTest" name="TC_MB_SORT_23_verifyClearSortIfAvailable" time="2.570"/>
  <testcase classname="com.potentia.automation.tests.MyBatchesTest" name="TC_MB_FIL_24_verifyFilterButtonVisibleAndEnabled" time="0.050"/>
  <testcase classname="com.potentia.automation.tests.MyBatchesTest" name="TC_MB_FIL_25_verifyFilterModalOpensSuccessfully" time="0.213"/>
  <testcase classname="com.potentia.automation.tests.MyBatchesTest" name="TC_MB_FIL_26_verifyClientsExpandedByDefaultAndProgramCollapsedByDefault" time="4.894"/>
  <testcase classname="com.potentia.automation.tests.MyBatchesTest" name="TC_MB_FIL_27_verifyClientFilterAppliesInActiveTab" time="5.798"/>
  <testcase classname="com.potentia.automation.tests.MyBatchesTest" name="TC_MB_FIL_28_verifyClientFilterAppliesInPlannedTab" time="0.399"/>
  <testcase classname="com.potentia.automation.tests.MyBatchesTest" name="TC_MB_FIL_29_verifyClientFilterAppliesInInactiveTab" time="1.887"/>
  <testcase classname="com.potentia.automation.tests.MyBatchesTest" name="TC_MB_FIL_30_verifyProgramFilterAppliesSuccessfully" time="10.212">
    <failure message="Not all visible batches belong to selected program. expected [true] but found [false]" type="java.lang.AssertionError">
      <![CDATA[java.lang.AssertionError: Not all visible batches belong to selected program. expected [true] but found [false]
at org.testng.Assert.fail(Assert.java:111)
at org.testng.Assert.failNotEquals(Assert.java:1578)
at org.testng.Assert.assertTrue(Assert.java:57)
at com.potentia.automation.tests.MyBatchesTest.TC_MB_FIL_30_verifyProgramFilterAppliesSuccessfully(MyBatchesTest.java:430)
at java.base/jdk.internal.reflect.DirectMethodHandleAccessor.invoke(DirectMethodHandleAccessor.java:103)
at java.base/java.lang.reflect.Method.invoke(Method.java:580)
at org.testng.internal.invokers.MethodInvocationHelper.invokeMethod(MethodInvocationHelper.java:141)
at org.testng.internal.invokers.TestInvoker.invokeMethod(TestInvoker.java:686)
at org.testng.internal.invokers.TestInvoker.invokeTestMethod(TestInvoker.java:230)
at org.testng.internal.invokers.MethodRunner.runInSequence(MethodRunner.java:63)
at org.testng.internal.invokers.TestInvoker$MethodInvocationAgent.invoke(TestInvoker.java:992)
at org.testng.internal.invokers.TestInvoker.invokeTestMethods(TestInvoker.java:203)
at org.testng.internal.invokers.TestMethodWorker.invokeTestMethods(TestMethodWorker.java:154)
at org.testng.internal.invokers.TestMethodWorker.run(TestMethodWorker.java:134)
at java.base/java.util.ArrayList.forEach(ArrayList.java:1596)
at org.testng.TestRunner.privateRun(TestRunner.java:739)
at org.testng.TestRunner.run(TestRunner.java:614)
at org.testng.SuiteRunner.runTest(SuiteRunner.java:421)
at org.testng.SuiteRunner.runSequentially(SuiteRunner.java:413)
at org.testng.SuiteRunner.privateRun(SuiteRunner.java:373)
at org.testng.SuiteRunner.run(SuiteRunner.java:312)
at org.testng.SuiteRunnerWorker.runSuite(SuiteRunnerWorker.java:52)
at org.testng.SuiteRunnerWorker.run(SuiteRunnerWorker.java:95)
at org.testng.TestNG.runSuitesSequentially(TestNG.java:1274)
at org.testng.TestNG.runSuitesLocally(TestNG.java:1208)
at org.testng.TestNG.runSuites(TestNG.java:1112)
at org.testng.TestNG.run(TestNG.java:1079)
at org.testng.remote.AbstractRemoteTestNG.run(AbstractRemoteTestNG.java:115)
at org.testng.remote.RemoteTestNG.initAndRun(RemoteTestNG.java:293)
at org.testng.remote.RemoteTestNG.main(RemoteTestNG.java:91)
]]>
    </failure>
  </testcase> <!-- TC_MB_FIL_30_verifyProgramFilterAppliesSuccessfully -->
  <testcase classname="com.potentia.automation.tests.MyBatchesTest" name="TC_MB_FIL_31_verifyClearFilterRemovesAppliedFilter" time="1.670"/>
  <testcase classname="com.potentia.automation.tests.MyBatchesTest" name="TC_MB_CloseBatch_34_verifyCloseBatchByBatchName" time="15.557">
    <error message="Expected condition failed: waiting for element to be clickable: By.xpath: //button[normalize-space()=&#039;Clear Filter&#039;] | //a[normalize-space()=&#039;Clear Filter&#039;] (tried for 15 second(s) with 500 milliseconds interval)
Build info: version: &#039;4.22.0&#039;, revision: &#039;c5f3146703*&#039;
System info: os.name: &#039;Windows 11&#039;, os.arch: &#039;amd64&#039;, os.version: &#039;10.0&#039;, java.version: &#039;21.0.10&#039;
Driver info: org.openqa.selenium.chrome.ChromeDriver
Capabilities {acceptInsecureCerts: false, browserName: chrome, browserVersion: 146.0.7680.165, chrome: {chromedriverVersion: 146.0.7680.165 (4b989da09e1..., userDataDir: C:\Users\manit\AppData\Loca...}, fedcm:accounts: true, goog:chromeOptions: {debuggerAddress: localhost:61175}, goog:processID: 15912, networkConnectionEnabled: false, pageLoadStrategy: eager, platformName: windows, proxy: Proxy(), se:cdp: ws://localhost:61175/devtoo..., se:cdpVersion: 146.0.7680.165, setWindowRect: true, strictFileInteractability: false, timeouts: {implicit: 0, pageLoad: 300000, script: 30000}, unhandledPromptBehavior: dismiss and notify, webauthn:extension:credBlob: true, webauthn:extension:largeBlob: true, webauthn:extension:minPinLength: true, webauthn:extension:prf: true, webauthn:virtualAuthenticators: true}
Session ID: 2ce73b52df52dc2b8e85f7ead7179baf" type="org.openqa.selenium.TimeoutException">
      <![CDATA[org.openqa.selenium.TimeoutException: Expected condition failed: waiting for element to be clickable: By.xpath: //button[normalize-space()='Clear Filter'] | //a[normalize-space()='Clear Filter'] (tried for 15 second(s) with 500 milliseconds interval)
Build info: version: '4.22.0', revision: 'c5f3146703*'
System info: os.name: 'Windows 11', os.arch: 'amd64', os.version: '10.0', java.version: '21.0.10'
Driver info: org.openqa.selenium.chrome.ChromeDriver
Capabilities {acceptInsecureCerts: false, browserName: chrome, browserVersion: 146.0.7680.165, chrome: {chromedriverVersion: 146.0.7680.165 (4b989da09e1..., userDataDir: C:\Users\manit\AppData\Loca...}, fedcm:accounts: true, goog:chromeOptions: {debuggerAddress: localhost:61175}, goog:processID: 15912, networkConnectionEnabled: false, pageLoadStrategy: eager, platformName: windows, proxy: Proxy(), se:cdp: ws://localhost:61175/devtoo..., se:cdpVersion: 146.0.7680.165, setWindowRect: true, strictFileInteractability: false, timeouts: {implicit: 0, pageLoad: 300000, script: 30000}, unhandledPromptBehavior: dismiss and notify, webauthn:extension:credBlob: true, webauthn:extension:largeBlob: true, webauthn:extension:minPinLength: true, webauthn:extension:prf: true, webauthn:virtualAuthenticators: true}
Session ID: 2ce73b52df52dc2b8e85f7ead7179baf
at org.openqa.selenium.support.ui.WebDriverWait.timeoutException(WebDriverWait.java:84)
at org.openqa.selenium.support.ui.FluentWait.until(FluentWait.java:228)
at com.potentia.automation.pages.MyBatchesPage.clickClearFilter(MyBatchesPage.java:590)
at com.potentia.automation.tests.MyBatchesTest.TC_MB_CloseBatch_34_verifyCloseBatchByBatchName(MyBatchesTest.java:472)
at java.base/jdk.internal.reflect.DirectMethodHandleAccessor.invoke(DirectMethodHandleAccessor.java:103)
at java.base/java.lang.reflect.Method.invoke(Method.java:580)
at org.testng.internal.invokers.MethodInvocationHelper.invokeMethod(MethodInvocationHelper.java:141)
at org.testng.internal.invokers.TestInvoker.invokeMethod(TestInvoker.java:686)
at org.testng.internal.invokers.TestInvoker.invokeTestMethod(TestInvoker.java:230)
at org.testng.internal.invokers.MethodRunner.runInSequence(MethodRunner.java:63)
at org.testng.internal.invokers.TestInvoker$MethodInvocationAgent.invoke(TestInvoker.java:992)
at org.testng.internal.invokers.TestInvoker.invokeTestMethods(TestInvoker.java:203)
at org.testng.internal.invokers.TestMethodWorker.invokeTestMethods(TestMethodWorker.java:154)
at org.testng.internal.invokers.TestMethodWorker.run(TestMethodWorker.java:134)
at java.base/java.util.ArrayList.forEach(ArrayList.java:1596)
at org.testng.TestRunner.privateRun(TestRunner.java:739)
at org.testng.TestRunner.run(TestRunner.java:614)
at org.testng.SuiteRunner.runTest(SuiteRunner.java:421)
at org.testng.SuiteRunner.runSequentially(SuiteRunner.java:413)
at org.testng.SuiteRunner.privateRun(SuiteRunner.java:373)
at org.testng.SuiteRunner.run(SuiteRunner.java:312)
at org.testng.SuiteRunnerWorker.runSuite(SuiteRunnerWorker.java:52)
at org.testng.SuiteRunnerWorker.run(SuiteRunnerWorker.java:95)
at org.testng.TestNG.runSuitesSequentially(TestNG.java:1274)
at org.testng.TestNG.runSuitesLocally(TestNG.java:1208)
at org.testng.TestNG.runSuites(TestNG.java:1112)
at org.testng.TestNG.run(TestNG.java:1079)
at org.testng.remote.AbstractRemoteTestNG.run(AbstractRemoteTestNG.java:115)
at org.testng.remote.RemoteTestNG.initAndRun(RemoteTestNG.java:293)
at org.testng.remote.RemoteTestNG.main(RemoteTestNG.java:91)
]]>
    </error>
  </testcase> <!-- TC_MB_CloseBatch_34_verifyCloseBatchByBatchName -->
  <testcase classname="com.potentia.automation.tests.MyBatchesTest" name="TC_MB_DeleteBatch_35_verifyDeleteBatchByBatchName" time="39.313">
    <failure message="Try to delete batch but server not responding error is displayed expected [true] but found [false]" type="java.lang.AssertionError">
      <![CDATA[java.lang.AssertionError: Try to delete batch but server not responding error is displayed expected [true] but found [false]
at org.testng.Assert.fail(Assert.java:111)
at org.testng.Assert.failNotEquals(Assert.java:1578)
at org.testng.Assert.assertTrue(Assert.java:57)
at com.potentia.automation.tests.MyBatchesTest.TC_MB_DeleteBatch_35_verifyDeleteBatchByBatchName(MyBatchesTest.java:514)
at java.base/jdk.internal.reflect.DirectMethodHandleAccessor.invoke(DirectMethodHandleAccessor.java:103)
at java.base/java.lang.reflect.Method.invoke(Method.java:580)
at org.testng.internal.invokers.MethodInvocationHelper.invokeMethod(MethodInvocationHelper.java:141)
at org.testng.internal.invokers.TestInvoker.invokeMethod(TestInvoker.java:686)
at org.testng.internal.invokers.TestInvoker.invokeTestMethod(TestInvoker.java:230)
at org.testng.internal.invokers.MethodRunner.runInSequence(MethodRunner.java:63)
at org.testng.internal.invokers.TestInvoker$MethodInvocationAgent.invoke(TestInvoker.java:992)
at org.testng.internal.invokers.TestInvoker.invokeTestMethods(TestInvoker.java:203)
at org.testng.internal.invokers.TestMethodWorker.invokeTestMethods(TestMethodWorker.java:154)
at org.testng.internal.invokers.TestMethodWorker.run(TestMethodWorker.java:134)
at java.base/java.util.ArrayList.forEach(ArrayList.java:1596)
at org.testng.TestRunner.privateRun(TestRunner.java:739)
at org.testng.TestRunner.run(TestRunner.java:614)
at org.testng.SuiteRunner.runTest(SuiteRunner.java:421)
at org.testng.SuiteRunner.runSequentially(SuiteRunner.java:413)
at org.testng.SuiteRunner.privateRun(SuiteRunner.java:373)
at org.testng.SuiteRunner.run(SuiteRunner.java:312)
at org.testng.SuiteRunnerWorker.runSuite(SuiteRunnerWorker.java:52)
at org.testng.SuiteRunnerWorker.run(SuiteRunnerWorker.java:95)
at org.testng.TestNG.runSuitesSequentially(TestNG.java:1274)
at org.testng.TestNG.runSuitesLocally(TestNG.java:1208)
at org.testng.TestNG.runSuites(TestNG.java:1112)
at org.testng.TestNG.run(TestNG.java:1079)
at org.testng.remote.AbstractRemoteTestNG.run(AbstractRemoteTestNG.java:115)
at org.testng.remote.RemoteTestNG.initAndRun(RemoteTestNG.java:293)
at org.testng.remote.RemoteTestNG.main(RemoteTestNG.java:91)
]]>
    </failure>
  </testcase> <!-- TC_MB_DeleteBatch_35_verifyDeleteBatchByBatchName -->
  <testcase classname="com.potentia.automation.tests.MyBatchesTest" name="TC_MB_ActiveBatch_36_verifyActivateBatchByBatchName" time="43.924">
    <failure message="Try to active the batch but server not responding error is coming expected [true] but found [false]" type="java.lang.AssertionError">
      <![CDATA[java.lang.AssertionError: Try to active the batch but server not responding error is coming expected [true] but found [false]
at org.testng.Assert.fail(Assert.java:111)
at org.testng.Assert.failNotEquals(Assert.java:1578)
at org.testng.Assert.assertTrue(Assert.java:57)
at com.potentia.automation.tests.MyBatchesTest.TC_MB_ActiveBatch_36_verifyActivateBatchByBatchName(MyBatchesTest.java:548)
at java.base/jdk.internal.reflect.DirectMethodHandleAccessor.invoke(DirectMethodHandleAccessor.java:103)
at java.base/java.lang.reflect.Method.invoke(Method.java:580)
at org.testng.internal.invokers.MethodInvocationHelper.invokeMethod(MethodInvocationHelper.java:141)
at org.testng.internal.invokers.TestInvoker.invokeMethod(TestInvoker.java:686)
at org.testng.internal.invokers.TestInvoker.invokeTestMethod(TestInvoker.java:230)
at org.testng.internal.invokers.MethodRunner.runInSequence(MethodRunner.java:63)
at org.testng.internal.invokers.TestInvoker$MethodInvocationAgent.invoke(TestInvoker.java:992)
at org.testng.internal.invokers.TestInvoker.invokeTestMethods(TestInvoker.java:203)
at org.testng.internal.invokers.TestMethodWorker.invokeTestMethods(TestMethodWorker.java:154)
at org.testng.internal.invokers.TestMethodWorker.run(TestMethodWorker.java:134)
at java.base/java.util.ArrayList.forEach(ArrayList.java:1596)
at org.testng.TestRunner.privateRun(TestRunner.java:739)
at org.testng.TestRunner.run(TestRunner.java:614)
at org.testng.SuiteRunner.runTest(SuiteRunner.java:421)
at org.testng.SuiteRunner.runSequentially(SuiteRunner.java:413)
at org.testng.SuiteRunner.privateRun(SuiteRunner.java:373)
at org.testng.SuiteRunner.run(SuiteRunner.java:312)
at org.testng.SuiteRunnerWorker.runSuite(SuiteRunnerWorker.java:52)
at org.testng.SuiteRunnerWorker.run(SuiteRunnerWorker.java:95)
at org.testng.TestNG.runSuitesSequentially(TestNG.java:1274)
at org.testng.TestNG.runSuitesLocally(TestNG.java:1208)
at org.testng.TestNG.runSuites(TestNG.java:1112)
at org.testng.TestNG.run(TestNG.java:1079)
at org.testng.remote.AbstractRemoteTestNG.run(AbstractRemoteTestNG.java:115)
at org.testng.remote.RemoteTestNG.initAndRun(RemoteTestNG.java:293)
at org.testng.remote.RemoteTestNG.main(RemoteTestNG.java:91)
]]>
    </failure>
  </testcase> <!-- TC_MB_ActiveBatch_36_verifyActivateBatchByBatchName -->
  <testcase classname="com.potentia.automation.tests.MyBatchesTest" name="TC_MB_SelfRegi_37_verifyPaxSelfRegisterQrPopupAndRegistrationUrlWorks" time="19.382"/>
</testsuite> <!-- com.potentia.automation.tests.MyBatchesTest -->
