<?xml version="1.0" encoding="UTF-8"?>
<!-- Generated by org.testng.reporters.JUnitReportReporter -->
<testsuite hostname="Thokala" failures="0" tests="16" name="com.potentia.automation.tests.AddCardSortOneLevelTest" time="24.160" errors="0" timestamp="2026-04-02T12:06:51 IST" skipped="0">
  <testcase classname="com.potentia.automation.tests.AddCardSortOneLevelTest" name="TC_SC_1_clickSuperClientByName" time="0.998"/>
  <testcase classname="com.potentia.automation.tests.AddCardSortOneLevelTest" name="TC_MB_clickBatchByNameAcrossTabs" time="3.587"/>
  <testcase classname="com.potentia.automation.tests.AddCardSortOneLevelTest" name="TC_003_clickAddActivityBtn" time="0.970"/>
  <testcase classname="com.potentia.automation.tests.AddCardSortOneLevelTest" name="TC_004_clickActivityName" time="5.383"/>
  <testcase classname="com.potentia.automation.tests.AddCardSortOneLevelTest" name="TC_005_validateEmptyAssignmentActivityTitle" time="1.869"/>
  <testcase classname="com.potentia.automation.tests.AddCardSortOneLevelTest" name="TC_006_validateAssignmentActivityTitleLength" time="2.051"/>
  <testcase classname="com.potentia.automation.tests.AddCardSortOneLevelTest" name="TC_007_validateActivityInstructionsLength" time="2.139"/>
  <testcase classname="com.potentia.automation.tests.AddCardSortOneLevelTest" name="TC_8_verifyOneLevelSelectedByDefault" time="1.728"/>
  <testcase classname="com.potentia.automation.tests.AddCardSortOneLevelTest" name="TC_09_verifyDefaultAndCustomRadioButtons" time="0.570"/>
  <testcase classname="com.potentia.automation.tests.AddCardSortOneLevelTest" name="TC_10_verifyClickFunctionality" time="1.047"/>
  <testcase classname="com.potentia.automation.tests.AddCardSortOneLevelTest" name="TC_11_verifyColorPickersVisibleForCustom" time="0.147"/>
  <testcase classname="com.potentia.automation.tests.AddCardSortOneLevelTest" name="TC_12_verifyMultipleCardDescriptionsCanBeEntered" time="0.315"/>
  <testcase classname="com.potentia.automation.tests.AddCardSortOneLevelTest" name="TC_13_addCardDescriptionFileds" time="2.916"/>
  <testcase classname="com.potentia.automation.tests.AddCardSortOneLevelTest" name="TC_14_validateEmptyCardsToBeChosen" time="0.050"/>
  <testcase classname="com.potentia.automation.tests.AddCardSortOneLevelTest" name="TC_15_validateCardsToBeChosenisZero" time="0.193"/>
  <testcase classname="com.potentia.automation.tests.AddCardSortOneLevelTest" name="TC_16_validateCardsToBeChosenIsMorethenCards" time="0.197"/>
</testsuite> <!-- com.potentia.automation.tests.AddCardSortOneLevelTest -->
