<?xml version="1.0" encoding="UTF-8"?>
<!-- Generated by org.testng.reporters.JUnitReportReporter -->
<testsuite hostname="Thokala" failures="1" tests="26" name="com.potentia.automation.tests.ProgramGenreTest" time="106.665" errors="1" timestamp="2026-03-26T16:33:56 IST" skipped="0">
  <testcase classname="com.potentia.automation.tests.ProgramGenreTest" name="TC_CL_01_verifyNavigationToProgramGenrePage" time="2.007"/>
  <testcase classname="com.potentia.automation.tests.ProgramGenreTest" name="TC_PG_02_verifyClickingAddProgramGenreOpensModal" time="1.104"/>
  <testcase classname="com.potentia.automation.tests.ProgramGenreTest" name="TC_PG_03_verifyModalCanBeClosedUsingCloseIcon" time="16.228"/>
  <testcase classname="com.potentia.automation.tests.ProgramGenreTest" name="TC_PG_04_verifyModalCanBeClosedUsingCancelButton" time="15.918"/>
  <testcase classname="com.potentia.automation.tests.ProgramGenreTest" name="TC_PG_05_verifyRequiredValidationWhenSavingEmptyForm" time="1.764">
    <failure message="Program Genre field is not highlighted in error state. expected [true] but found [false]" type="java.lang.AssertionError">
      <![CDATA[java.lang.AssertionError: Program Genre field is not highlighted in error state. expected [true] but found [false]
at org.testng.Assert.fail(Assert.java:111)
at org.testng.Assert.failNotEquals(Assert.java:1578)
at org.testng.Assert.assertTrue(Assert.java:57)
at com.potentia.automation.tests.ProgramGenreTest.TC_PG_05_verifyRequiredValidationWhenSavingEmptyForm(ProgramGenreTest.java:112)
at java.base/jdk.internal.reflect.DirectMethodHandleAccessor.invoke(DirectMethodHandleAccessor.java:103)
at java.base/java.lang.reflect.Method.invoke(Method.java:580)
at org.testng.internal.invokers.MethodInvocationHelper.invokeMethod(MethodInvocationHelper.java:141)
at org.testng.internal.invokers.TestInvoker.invokeMethod(TestInvoker.java:686)
at org.testng.internal.invokers.TestInvoker.invokeTestMethod(TestInvoker.java:230)
at org.testng.internal.invokers.MethodRunner.runInSequence(MethodRunner.java:63)
at org.testng.internal.invokers.TestInvoker$MethodInvocationAgent.invoke(TestInvoker.java:992)
at org.testng.internal.invokers.TestInvoker.invokeTestMethods(TestInvoker.java:203)
at org.testng.internal.invokers.TestMethodWorker.invokeTestMethods(TestMethodWorker.java:154)
at org.testng.internal.invokers.TestMethodWorker.run(TestMethodWorker.java:134)
at java.base/java.util.ArrayList.forEach(ArrayList.java:1596)
at org.testng.TestRunner.privateRun(TestRunner.java:739)
at org.testng.TestRunner.run(TestRunner.java:614)
at org.testng.SuiteRunner.runTest(SuiteRunner.java:421)
at org.testng.SuiteRunner.runSequentially(SuiteRunner.java:413)
at org.testng.SuiteRunner.privateRun(SuiteRunner.java:373)
at org.testng.SuiteRunner.run(SuiteRunner.java:312)
at org.testng.SuiteRunnerWorker.runSuite(SuiteRunnerWorker.java:52)
at org.testng.SuiteRunnerWorker.run(SuiteRunnerWorker.java:95)
at org.testng.TestNG.runSuitesSequentially(TestNG.java:1274)
at org.testng.TestNG.runSuitesLocally(TestNG.java:1208)
at org.testng.TestNG.runSuites(TestNG.java:1112)
at org.testng.TestNG.run(TestNG.java:1079)
at org.testng.remote.AbstractRemoteTestNG.run(AbstractRemoteTestNG.java:115)
at org.testng.remote.RemoteTestNG.initAndRun(RemoteTestNG.java:293)
at org.testng.remote.RemoteTestNG.main(RemoteTestNG.java:91)
]]>
    </failure>
  </testcase> <!-- TC_PG_05_verifyRequiredValidationWhenSavingEmptyForm -->
  <testcase classname="com.potentia.automation.tests.ProgramGenreTest" name="TC_PG_06_verifyProgramGenreIsMandatory" time="0.603"/>
  <testcase classname="com.potentia.automation.tests.ProgramGenreTest" name="TC_PG_07_verifyLikelyTitleIsMandatory" time="0.752"/>
  <testcase classname="com.potentia.automation.tests.ProgramGenreTest" name="TC_PG_08_verifyUserCanAddLikelyTitleRow" time="1.292"/>
  <testcase classname="com.potentia.automation.tests.ProgramGenreTest" name="TC_PG_09_verifyUserCanAddMultipleLikelyTitleRows" time="1.445"/>
  <testcase classname="com.potentia.automation.tests.ProgramGenreTest" name="TC_PG_10_verifyUserCanRemoveLikelyTitleRow" time="1.507"/>
  <testcase classname="com.potentia.automation.tests.ProgramGenreTest" name="TC_PG_11_verifyProgramGenreCanBeAddedSuccessfully" time="7.633"/>
  <testcase classname="com.potentia.automation.tests.ProgramGenreTest" name="TC_PG_12_verifySearchCanBeCleared" time="1.462"/>
  <testcase classname="com.potentia.automation.tests.ProgramGenreTest" name="TC_PG_13_verifyRowsDropdownSupports25Rows" time="0.686"/>
  <testcase classname="com.potentia.automation.tests.ProgramGenreTest" name="TC_PG_14_verifyRowsDropdownSupports50Rows" time="0.664"/>
  <testcase classname="com.potentia.automation.tests.ProgramGenreTest" name="TC_PG_15_verifyRowsDropdownSupports100Rows" time="0.699"/>
  <testcase classname="com.potentia.automation.tests.ProgramGenreTest" name="TC_PG_16_verifyRowsDropdownSupportsAllOption" time="0.694"/>
  <testcase classname="com.potentia.automation.tests.ProgramGenreTest" name="TC_PG_17_verifyPaginationIsDisplayedWhenMultiplePagesExist" time="1.527"/>
  <testcase classname="com.potentia.automation.tests.ProgramGenreTest" name="TC_PG_18_verifyUserCanNavigateToNextPage" time="0.786"/>
  <testcase classname="com.potentia.automation.tests.ProgramGenreTest" name="TC_PG_19_verifyActiveFilterShowsOnlyActiveRows" time="2.480"/>
  <testcase classname="com.potentia.automation.tests.ProgramGenreTest" name="TC_PG_20_verifyInactiveFilterShowsOnlyInactiveRows" time="2.258"/>
  <testcase classname="com.potentia.automation.tests.ProgramGenreTest" name="TC_PG_21_verifyEditIconIsVisibleForProgramRow" time="2.075"/>
  <testcase classname="com.potentia.automation.tests.ProgramGenreTest" name="TC_PG_22_verifyDeleteIconIsVisibleForProgramRow" time="2.153"/>
  <testcase classname="com.potentia.automation.tests.ProgramGenreTest" name="TC_PG_23_verifyCorrectActionIconVisibleForActiveRow" time="2.154"/>
  <testcase classname="com.potentia.automation.tests.ProgramGenreTest" name="TC_PG_24_verifyBulkActionIconsAreHiddenForMixedActiveAndInactiveSelection" time="2.533">
    <error message="Program row not found: Demo program genre logistic" type="java.lang.RuntimeException">
      <![CDATA[java.lang.RuntimeException: Program row not found: Demo program genre logistic
at com.potentia.automation.pages.ProgramGenrePage.getRowByProgramName(ProgramGenrePage.java:530)
at com.potentia.automation.pages.ProgramGenrePage.selectProgramCheckboxByName(ProgramGenrePage.java:400)
at com.potentia.automation.tests.ProgramGenreTest.TC_PG_24_verifyBulkActionIconsAreHiddenForMixedActiveAndInactiveSelection(ProgramGenreTest.java:377)
at java.base/jdk.internal.reflect.DirectMethodHandleAccessor.invoke(DirectMethodHandleAccessor.java:103)
at java.base/java.lang.reflect.Method.invoke(Method.java:580)
at org.testng.internal.invokers.MethodInvocationHelper.invokeMethod(MethodInvocationHelper.java:141)
at org.testng.internal.invokers.TestInvoker.invokeMethod(TestInvoker.java:686)
at org.testng.internal.invokers.TestInvoker.invokeTestMethod(TestInvoker.java:230)
at org.testng.internal.invokers.MethodRunner.runInSequence(MethodRunner.java:63)
at org.testng.internal.invokers.TestInvoker$MethodInvocationAgent.invoke(TestInvoker.java:992)
at org.testng.internal.invokers.TestInvoker.invokeTestMethods(TestInvoker.java:203)
at org.testng.internal.invokers.TestMethodWorker.invokeTestMethods(TestMethodWorker.java:154)
at org.testng.internal.invokers.TestMethodWorker.run(TestMethodWorker.java:134)
at java.base/java.util.ArrayList.forEach(ArrayList.java:1596)
at org.testng.TestRunner.privateRun(TestRunner.java:739)
at org.testng.TestRunner.run(TestRunner.java:614)
at org.testng.SuiteRunner.runTest(SuiteRunner.java:421)
at org.testng.SuiteRunner.runSequentially(SuiteRunner.java:413)
at org.testng.SuiteRunner.privateRun(SuiteRunner.java:373)
at org.testng.SuiteRunner.run(SuiteRunner.java:312)
at org.testng.SuiteRunnerWorker.runSuite(SuiteRunnerWorker.java:52)
at org.testng.SuiteRunnerWorker.run(SuiteRunnerWorker.java:95)
at org.testng.TestNG.runSuitesSequentially(TestNG.java:1274)
at org.testng.TestNG.runSuitesLocally(TestNG.java:1208)
at org.testng.TestNG.runSuites(TestNG.java:1112)
at org.testng.TestNG.run(TestNG.java:1079)
at org.testng.remote.AbstractRemoteTestNG.run(AbstractRemoteTestNG.java:115)
at org.testng.remote.RemoteTestNG.initAndRun(RemoteTestNG.java:293)
at org.testng.remote.RemoteTestNG.main(RemoteTestNG.java:91)
]]>
    </error>
  </testcase> <!-- TC_PG_24_verifyBulkActionIconsAreHiddenForMixedActiveAndInactiveSelection -->
  <testcase classname="com.potentia.automation.tests.ProgramGenreTest" name="TC_PG_25_verifySelectedCheckboxNamesCanBeCaptured" time="33.441"/>
  <testcase classname="com.potentia.automation.tests.ProgramGenreTest" name="TC_PG_26_verifyEditActionCanBeClicked" time="2.800"/>
</testsuite> <!-- com.potentia.automation.tests.ProgramGenreTest -->
