<?xml version="1.0" encoding="UTF-8"?>
<!-- Generated by org.testng.reporters.JUnitReportReporter -->
<testsuite hostname="Thokala" failures="1" tests="18" name="com.potentia.automation.tests.AddReferenceMaterialTest" time="24.785" errors="2" timestamp="2026-04-02T14:14:39 IST" skipped="0">
  <testcase classname="com.potentia.automation.tests.AddReferenceMaterialTest" name="TC_SC_1_clickSuperClientByName" time="0.957"/>
  <testcase classname="com.potentia.automation.tests.AddReferenceMaterialTest" name="TC_MB_clickBatchByNameAcrossTabs" time="3.535"/>
  <testcase classname="com.potentia.automation.tests.AddReferenceMaterialTest" name="TC_003_clickAddActivityBtn" time="0.515"/>
  <testcase classname="com.potentia.automation.tests.AddReferenceMaterialTest" name="TC_004_clickActivityName" time="5.360"/>
  <testcase classname="com.potentia.automation.tests.AddReferenceMaterialTest" name="TC_005_validateEmptyAssignmentActivityTitle" time="1.908"/>
  <testcase classname="com.potentia.automation.tests.AddReferenceMaterialTest" name="TC_006_validateAssignmentActivityTitleLength" time="2.128"/>
  <testcase classname="com.potentia.automation.tests.AddReferenceMaterialTest" name="TC_007_validateActivityInstructionsLength" time="3.848"/>
  <testcase classname="com.potentia.automation.tests.AddReferenceMaterialTest" name="TC_8_verifyDueDateFieldVisibleAndEnabled" time="0.170"/>
  <testcase classname="com.potentia.automation.tests.AddReferenceMaterialTest" name="TC_9_verifySuperActivitiesAvailable" time="0.072"/>
  <testcase classname="com.potentia.automation.tests.AddReferenceMaterialTest" name="TC_10_varifyAllowResponseAfterDeadlineToolTip" time="0.032">
    <error message="no such element: Unable to locate element: {&quot;method&quot;:&quot;xpath&quot;,&quot;selector&quot;:&quot;//label[contains(normalize-space(), &#039;Allow responses after deadline&#039;)]//em[contains(@data-bs-original-title, &#039;Allow pax to submit the activity after deadline&#039;)]&quot;}
  (Session info: chrome=146.0.7680.165)
For documentation on this error, please visit: https://www.selenium.dev/documentation/webdriver/troubleshooting/errors#no-such-element-exception
Build info: version: &#039;4.22.0&#039;, revision: &#039;c5f3146703*&#039;
System info: os.name: &#039;Windows 11&#039;, os.arch: &#039;amd64&#039;, os.version: &#039;10.0&#039;, java.version: &#039;21.0.10&#039;
Driver info: org.openqa.selenium.chrome.ChromeDriver
Command: [0276919eac7aa247b1bd18a2dccc6cda, findElement {using=xpath, value=//label[contains(normalize-space(), &#039;Allow responses after deadline&#039;)]//em[contains(@data-bs-original-title, &#039;Allow pax to submit the activity after deadline&#039;)]}]
Capabilities {acceptInsecureCerts: false, browserName: chrome, browserVersion: 146.0.7680.165, chrome: {chromedriverVersion: 146.0.7680.165 (4b989da09e1..., userDataDir: C:\Users\manit\AppData\Loca...}, fedcm:accounts: true, goog:chromeOptions: {debuggerAddress: localhost:54189}, goog:processID: 6400, networkConnectionEnabled: false, pageLoadStrategy: eager, platformName: windows, proxy: Proxy(), se:cdp: ws://localhost:54189/devtoo..., se:cdpVersion: 146.0.7680.165, setWindowRect: true, strictFileInteractability: false, timeouts: {implicit: 0, pageLoad: 300000, script: 30000}, unhandledPromptBehavior: dismiss and notify, webauthn:extension:credBlob: true, webauthn:extension:largeBlob: true, webauthn:extension:minPinLength: true, webauthn:extension:prf: true, webauthn:virtualAuthenticators: true}
Session ID: 0276919eac7aa247b1bd18a2dccc6cda" type="org.openqa.selenium.NoSuchElementException">
      <![CDATA[org.openqa.selenium.NoSuchElementException: no such element: Unable to locate element: {"method":"xpath","selector":"//label[contains(normalize-space(), 'Allow responses after deadline')]//em[contains(@data-bs-original-title, 'Allow pax to submit the activity after deadline')]"}
  (Session info: chrome=146.0.7680.165)
For documentation on this error, please visit: https://www.selenium.dev/documentation/webdriver/troubleshooting/errors#no-such-element-exception
Build info: version: '4.22.0', revision: 'c5f3146703*'
System info: os.name: 'Windows 11', os.arch: 'amd64', os.version: '10.0', java.version: '21.0.10'
Driver info: org.openqa.selenium.chrome.ChromeDriver
Command: [0276919eac7aa247b1bd18a2dccc6cda, findElement {using=xpath, value=//label[contains(normalize-space(), 'Allow responses after deadline')]//em[contains(@data-bs-original-title, 'Allow pax to submit the activity after deadline')]}]
Capabilities {acceptInsecureCerts: false, browserName: chrome, browserVersion: 146.0.7680.165, chrome: {chromedriverVersion: 146.0.7680.165 (4b989da09e1..., userDataDir: C:\Users\manit\AppData\Loca...}, fedcm:accounts: true, goog:chromeOptions: {debuggerAddress: localhost:54189}, goog:processID: 6400, networkConnectionEnabled: false, pageLoadStrategy: eager, platformName: windows, proxy: Proxy(), se:cdp: ws://localhost:54189/devtoo..., se:cdpVersion: 146.0.7680.165, setWindowRect: true, strictFileInteractability: false, timeouts: {implicit: 0, pageLoad: 300000, script: 30000}, unhandledPromptBehavior: dismiss and notify, webauthn:extension:credBlob: true, webauthn:extension:largeBlob: true, webauthn:extension:minPinLength: true, webauthn:extension:prf: true, webauthn:virtualAuthenticators: true}
Session ID: 0276919eac7aa247b1bd18a2dccc6cda
at java.base/jdk.internal.reflect.DirectConstructorHandleAccessor.newInstance(DirectConstructorHandleAccessor.java:62)
at java.base/java.lang.reflect.Constructor.newInstanceWithCaller(Constructor.java:502)
at java.base/java.lang.reflect.Constructor.newInstance(Constructor.java:486)
at org.openqa.selenium.remote.ErrorCodec.decode(ErrorCodec.java:167)
at org.openqa.selenium.remote.codec.w3c.W3CHttpResponseCodec.decode(W3CHttpResponseCodec.java:138)
at org.openqa.selenium.remote.codec.w3c.W3CHttpResponseCodec.decode(W3CHttpResponseCodec.java:50)
at org.openqa.selenium.remote.HttpCommandExecutor.execute(HttpCommandExecutor.java:190)
at org.openqa.selenium.remote.service.DriverCommandExecutor.invokeExecute(DriverCommandExecutor.java:216)
at org.openqa.selenium.remote.service.DriverCommandExecutor.execute(DriverCommandExecutor.java:174)
at org.openqa.selenium.remote.RemoteWebDriver.execute(RemoteWebDriver.java:518)
at org.openqa.selenium.remote.ElementLocation$ElementFinder$2.findElement(ElementLocation.java:165)
at org.openqa.selenium.remote.ElementLocation.findElement(ElementLocation.java:59)
at org.openqa.selenium.remote.RemoteWebDriver.findElement(RemoteWebDriver.java:355)
at org.openqa.selenium.remote.RemoteWebDriver.findElement(RemoteWebDriver.java:349)
at com.potentia.automation.tests.AddReferenceMaterialTest.TC_10_varifyAllowResponseAfterDeadlineToolTip(AddReferenceMaterialTest.java:177)
at java.base/jdk.internal.reflect.DirectMethodHandleAccessor.invoke(DirectMethodHandleAccessor.java:103)
at java.base/java.lang.reflect.Method.invoke(Method.java:580)
at org.testng.internal.invokers.MethodInvocationHelper.invokeMethod(MethodInvocationHelper.java:141)
at org.testng.internal.invokers.TestInvoker.invokeMethod(TestInvoker.java:686)
at org.testng.internal.invokers.TestInvoker.invokeTestMethod(TestInvoker.java:230)
at org.testng.internal.invokers.MethodRunner.runInSequence(MethodRunner.java:63)
at org.testng.internal.invokers.TestInvoker$MethodInvocationAgent.invoke(TestInvoker.java:992)
at org.testng.internal.invokers.TestInvoker.invokeTestMethods(TestInvoker.java:203)
at org.testng.internal.invokers.TestMethodWorker.invokeTestMethods(TestMethodWorker.java:154)
at org.testng.internal.invokers.TestMethodWorker.run(TestMethodWorker.java:134)
at java.base/java.util.ArrayList.forEach(ArrayList.java:1596)
at org.testng.TestRunner.privateRun(TestRunner.java:739)
at org.testng.TestRunner.run(TestRunner.java:614)
at org.testng.SuiteRunner.runTest(SuiteRunner.java:421)
at org.testng.SuiteRunner.runSequentially(SuiteRunner.java:413)
at org.testng.SuiteRunner.privateRun(SuiteRunner.java:373)
at org.testng.SuiteRunner.run(SuiteRunner.java:312)
at org.testng.SuiteRunnerWorker.runSuite(SuiteRunnerWorker.java:52)
at org.testng.SuiteRunnerWorker.run(SuiteRunnerWorker.java:95)
at org.testng.TestNG.runSuitesSequentially(TestNG.java:1274)
at org.testng.TestNG.runSuitesLocally(TestNG.java:1208)
at org.testng.TestNG.runSuites(TestNG.java:1112)
at org.testng.TestNG.run(TestNG.java:1079)
at org.testng.remote.AbstractRemoteTestNG.run(AbstractRemoteTestNG.java:115)
at org.testng.remote.RemoteTestNG.initAndRun(RemoteTestNG.java:293)
at org.testng.remote.RemoteTestNG.main(RemoteTestNG.java:91)
]]>
    </error>
  </testcase> <!-- TC_10_varifyAllowResponseAfterDeadlineToolTip -->
  <testcase classname="com.potentia.automation.tests.AddReferenceMaterialTest" name="TC_11_checkboxDefaultStateForAllowResponseAfterDeadLine" time="0.079"/>
  <testcase classname="com.potentia.automation.tests.AddReferenceMaterialTest" name="TC_12_checkboxToggleViaAllowResponseAfterDeadLineCheckboxClick" time="0.318"/>
  <testcase classname="com.potentia.automation.tests.AddReferenceMaterialTest" name="TC_13_checkboxToggleViaAllowResponseAfterDeadLineLabelClick" time="0.159"/>
  <testcase classname="com.potentia.automation.tests.AddReferenceMaterialTest" name="TC_14_varifyReadOnlyToolTip" time="5.207">
    <failure message="Tooltip not visible on mouse hover. expected [true] but found [false]" type="java.lang.AssertionError">
      <![CDATA[java.lang.AssertionError: Tooltip not visible on mouse hover. expected [true] but found [false]
at org.testng.Assert.fail(Assert.java:111)
at org.testng.Assert.failNotEquals(Assert.java:1578)
at org.testng.Assert.assertTrue(Assert.java:57)
at com.potentia.automation.tests.AddReferenceMaterialTest.TC_14_varifyReadOnlyToolTip(AddReferenceMaterialTest.java:220)
at java.base/jdk.internal.reflect.DirectMethodHandleAccessor.invoke(DirectMethodHandleAccessor.java:103)
at java.base/java.lang.reflect.Method.invoke(Method.java:580)
at org.testng.internal.invokers.MethodInvocationHelper.invokeMethod(MethodInvocationHelper.java:141)
at org.testng.internal.invokers.TestInvoker.invokeMethod(TestInvoker.java:686)
at org.testng.internal.invokers.TestInvoker.invokeTestMethod(TestInvoker.java:230)
at org.testng.internal.invokers.MethodRunner.runInSequence(MethodRunner.java:63)
at org.testng.internal.invokers.TestInvoker$MethodInvocationAgent.invoke(TestInvoker.java:992)
at org.testng.internal.invokers.TestInvoker.invokeTestMethods(TestInvoker.java:203)
at org.testng.internal.invokers.TestMethodWorker.invokeTestMethods(TestMethodWorker.java:154)
at org.testng.internal.invokers.TestMethodWorker.run(TestMethodWorker.java:134)
at java.base/java.util.ArrayList.forEach(ArrayList.java:1596)
at org.testng.TestRunner.privateRun(TestRunner.java:739)
at org.testng.TestRunner.run(TestRunner.java:614)
at org.testng.SuiteRunner.runTest(SuiteRunner.java:421)
at org.testng.SuiteRunner.runSequentially(SuiteRunner.java:413)
at org.testng.SuiteRunner.privateRun(SuiteRunner.java:373)
at org.testng.SuiteRunner.run(SuiteRunner.java:312)
at org.testng.SuiteRunnerWorker.runSuite(SuiteRunnerWorker.java:52)
at org.testng.SuiteRunnerWorker.run(SuiteRunnerWorker.java:95)
at org.testng.TestNG.runSuitesSequentially(TestNG.java:1274)
at org.testng.TestNG.runSuitesLocally(TestNG.java:1208)
at org.testng.TestNG.runSuites(TestNG.java:1112)
at org.testng.TestNG.run(TestNG.java:1079)
at org.testng.remote.AbstractRemoteTestNG.run(AbstractRemoteTestNG.java:115)
at org.testng.remote.RemoteTestNG.initAndRun(RemoteTestNG.java:293)
at org.testng.remote.RemoteTestNG.main(RemoteTestNG.java:91)
]]>
    </failure>
  </testcase> <!-- TC_14_varifyReadOnlyToolTip -->
  <testcase classname="com.potentia.automation.tests.AddReferenceMaterialTest" name="TC_15_checkboxDefaultStateForReadOnly" time="0.032"/>
  <testcase classname="com.potentia.automation.tests.AddReferenceMaterialTest" name="TC_16_checkboxToggleViaReadOnlyCheckboxClick" time="0.327"/>
  <testcase classname="com.potentia.automation.tests.AddReferenceMaterialTest" name="TC_17_checkboxToggleViaReadOnlyLabelClick" time="0.133"/>
  <testcase classname="com.potentia.automation.tests.AddReferenceMaterialTest" name="TC_uploadSingleFile" time="0.005">
    <error message="File not found: C:\AutomationWorkSpace\vconnect-automation\src\main\resources\testdata\1730973498_1991-HBR-TeachingPeople-HowtoLearn-chris_argyris.pdf" type="java.lang.RuntimeException">
      <![CDATA[java.lang.RuntimeException: File not found: C:\AutomationWorkSpace\vconnect-automation\src\main\resources\testdata\1730973498_1991-HBR-TeachingPeople-HowtoLearn-chris_argyris.pdf
at com.potentia.automation.pages.AddReferenceMaterialPage.uploadFile(AddReferenceMaterialPage.java:377)
at com.potentia.automation.tests.AddReferenceMaterialTest.TC_uploadSingleFile(AddReferenceMaterialTest.java:258)
at java.base/jdk.internal.reflect.DirectMethodHandleAccessor.invoke(DirectMethodHandleAccessor.java:103)
at java.base/java.lang.reflect.Method.invoke(Method.java:580)
at org.testng.internal.invokers.MethodInvocationHelper.invokeMethod(MethodInvocationHelper.java:141)
at org.testng.internal.invokers.TestInvoker.invokeMethod(TestInvoker.java:686)
at org.testng.internal.invokers.TestInvoker.invokeTestMethod(TestInvoker.java:230)
at org.testng.internal.invokers.MethodRunner.runInSequence(MethodRunner.java:63)
at org.testng.internal.invokers.TestInvoker$MethodInvocationAgent.invoke(TestInvoker.java:992)
at org.testng.internal.invokers.TestInvoker.invokeTestMethods(TestInvoker.java:203)
at org.testng.internal.invokers.TestMethodWorker.invokeTestMethods(TestMethodWorker.java:154)
at org.testng.internal.invokers.TestMethodWorker.run(TestMethodWorker.java:134)
at java.base/java.util.ArrayList.forEach(ArrayList.java:1596)
at org.testng.TestRunner.privateRun(TestRunner.java:739)
at org.testng.TestRunner.run(TestRunner.java:614)
at org.testng.SuiteRunner.runTest(SuiteRunner.java:421)
at org.testng.SuiteRunner.runSequentially(SuiteRunner.java:413)
at org.testng.SuiteRunner.privateRun(SuiteRunner.java:373)
at org.testng.SuiteRunner.run(SuiteRunner.java:312)
at org.testng.SuiteRunnerWorker.runSuite(SuiteRunnerWorker.java:52)
at org.testng.SuiteRunnerWorker.run(SuiteRunnerWorker.java:95)
at org.testng.TestNG.runSuitesSequentially(TestNG.java:1274)
at org.testng.TestNG.runSuitesLocally(TestNG.java:1208)
at org.testng.TestNG.runSuites(TestNG.java:1112)
at org.testng.TestNG.run(TestNG.java:1079)
at org.testng.remote.AbstractRemoteTestNG.run(AbstractRemoteTestNG.java:115)
at org.testng.remote.RemoteTestNG.initAndRun(RemoteTestNG.java:293)
at org.testng.remote.RemoteTestNG.main(RemoteTestNG.java:91)
]]>
    </error>
  </testcase> <!-- TC_uploadSingleFile -->
</testsuite> <!-- com.potentia.automation.tests.AddReferenceMaterialTest -->
