<?xml version="1.0" encoding="UTF-8"?>
<!-- Generated by org.testng.reporters.JUnitReportReporter -->
<testsuite hostname="Thokala" failures="0" tests="14" name="com.potentia.automation.tests.LoginTest" time="18.574" errors="0" timestamp="2026-03-31T16:36:30 IST" skipped="0">
  <testcase classname="com.potentia.automation.tests.LoginTest" name="TC_Login_01_emptyEmailAndPasswordTest" time="0.671"/>
  <testcase classname="com.potentia.automation.tests.LoginTest" name="TC_Login_02_emptyEmailTest" time="0.405"/>
  <testcase classname="com.potentia.automation.tests.LoginTest" name="TC_Login_03_emptyPasswordTest" time="0.497"/>
  <testcase classname="com.potentia.automation.tests.LoginTest" name="TC_Login_04_invalidEmailTest" time="0.394"/>
  <testcase classname="com.potentia.automation.tests.LoginTest" name="TC_Login_05_invalidPasswordTest" time="0.613"/>
  <testcase classname="com.potentia.automation.tests.LoginTest" name="TC_Login_6_passwordEyeIconToggleTest" time="0.333"/>
  <testcase classname="com.potentia.automation.tests.LoginTest" name="TC_Login_07_keepMeLoggedInCheckboxTest" time="0.059"/>
  <testcase classname="com.potentia.automation.tests.LoginTest" name="TC_Login_08_forgotPasswordLinkVisibleTest" time="0.045"/>
  <testcase classname="com.potentia.automation.tests.LoginTest" name="TC_Login_09_openForgotPasswordModalTest" time="0.183"/>
  <testcase classname="com.potentia.automation.tests.LoginTest" name="TC_Login_10_emptyForgotPasswordEmailValidation" time="0.213"/>
  <testcase classname="com.potentia.automation.tests.LoginTest" name="TC_Login_11_invalidForgotPasswordEmailValidation" time="12.474"/>
  <testcase classname="com.potentia.automation.tests.LoginTest" name="TC_Login_12_unregisteredEmailValidation" time="0.804"/>
  <testcase classname="com.potentia.automation.tests.LoginTest" name="TC_Login_13_forgotPasswordSuccessMsgTest" time="0.938"/>
  <testcase classname="com.potentia.automation.tests.LoginTest" name="TC_Login_14_verifyValidLogin" time="0.945"/>
</testsuite> <!-- com.potentia.automation.tests.LoginTest -->
